{"D:\\Web\\Web\\Udemy course\\Complete React developer\\e-commerce_shop\\client\\src\\App.js": {"path":"D:\\Web\\Web\\Udemy course\\Complete React developer\\e-commerce_shop\\client\\src\\App.js","statementMap":{"0":{"start":{"line":15,"column":17},"end":{"line":15,"column":64}},"1":{"start":{"line":15,"column":28},"end":{"line":15,"column":63}},"2":{"start":{"line":16,"column":17},"end":{"line":16,"column":56}},"3":{"start":{"line":16,"column":28},"end":{"line":16,"column":55}},"4":{"start":{"line":17,"column":27},"end":{"line":19,"column":1}},"5":{"start":{"line":18,"column":2},"end":{"line":18,"column":57}},"6":{"start":{"line":20,"column":21},"end":{"line":20,"column":76}},"7":{"start":{"line":20,"column":32},"end":{"line":20,"column":75}},"8":{"start":{"line":22,"column":12},"end":{"line":50,"column":1}},"9":{"start":{"line":23,"column":2},"end":{"line":25,"column":25}},"10":{"start":{"line":24,"column":4},"end":{"line":24,"column":23}},"11":{"start":{"line":27,"column":2},"end":{"line":49,"column":4}},"12":{"start":{"line":42,"column":16},"end":{"line":42,"column":74}},"13":{"start":{"line":52,"column":24},"end":{"line":54,"column":2}},"14":{"start":{"line":55,"column":27},"end":{"line":57,"column":2}},"15":{"start":{"line":55,"column":42},"end":{"line":57,"column":1}},"16":{"start":{"line":56,"column":26},"end":{"line":56,"column":54}}},"fnMap":{"0":{"name":"(anonymous_0)","decl":{"start":{"line":15,"column":22},"end":{"line":15,"column":23}},"loc":{"start":{"line":15,"column":28},"end":{"line":15,"column":63}},"line":15},"1":{"name":"(anonymous_1)","decl":{"start":{"line":16,"column":22},"end":{"line":16,"column":23}},"loc":{"start":{"line":16,"column":28},"end":{"line":16,"column":55}},"line":16},"2":{"name":"(anonymous_2)","decl":{"start":{"line":17,"column":32},"end":{"line":17,"column":33}},"loc":{"start":{"line":18,"column":2},"end":{"line":18,"column":57}},"line":18},"3":{"name":"(anonymous_3)","decl":{"start":{"line":20,"column":26},"end":{"line":20,"column":27}},"loc":{"start":{"line":20,"column":32},"end":{"line":20,"column":75}},"line":20},"4":{"name":"(anonymous_4)","decl":{"start":{"line":22,"column":12},"end":{"line":22,"column":13}},"loc":{"start":{"line":22,"column":51},"end":{"line":50,"column":1}},"line":22},"5":{"name":"(anonymous_5)","decl":{"start":{"line":23,"column":12},"end":{"line":23,"column":13}},"loc":{"start":{"line":23,"column":18},"end":{"line":25,"column":3}},"line":23},"6":{"name":"(anonymous_6)","decl":{"start":{"line":41,"column":22},"end":{"line":41,"column":23}},"loc":{"start":{"line":42,"column":16},"end":{"line":42,"column":74}},"line":42},"7":{"name":"(anonymous_7)","decl":{"start":{"line":55,"column":27},"end":{"line":55,"column":28}},"loc":{"start":{"line":55,"column":42},"end":{"line":57,"column":1}},"line":55},"8":{"name":"(anonymous_8)","decl":{"start":{"line":56,"column":20},"end":{"line":56,"column":21}},"loc":{"start":{"line":56,"column":26},"end":{"line":56,"column":54}},"line":56}},"branchMap":{"0":{"loc":{"start":{"line":42,"column":16},"end":{"line":42,"column":74}},"type":"cond-expr","locations":[{"start":{"line":42,"column":30},"end":{"line":42,"column":49}},{"start":{"line":42,"column":52},"end":{"line":42,"column":74}}],"line":42}},"s":{"0":0,"1":0,"2":0,"3":0,"4":0,"5":0,"6":0,"7":0,"8":0,"9":0,"10":0,"11":0,"12":0,"13":0,"14":0,"15":0,"16":0},"f":{"0":0,"1":0,"2":0,"3":0,"4":0,"5":0,"6":0,"7":0,"8":0},"b":{"0":[0,0]},"hash":"91f6cb0985358d4fd9a84d477cd867dcb60a40b8"}
,"D:\\Web\\Web\\Udemy course\\Complete React developer\\e-commerce_shop\\client\\src\\index.js": {"path":"D:\\Web\\Web\\Udemy course\\Complete React developer\\e-commerce_shop\\client\\src\\index.js","statementMap":{"0":{"start":{"line":12,"column":0},"end":{"line":21,"column":2}},"1":{"start":{"line":23,"column":0},"end":{"line":23,"column":25}}},"fnMap":{},"branchMap":{},"s":{"0":0,"1":0},"f":{},"b":{},"hash":"b3c42ff76004794f910fc25306b0c38f8009a135"}
,"D:\\Web\\Web\\Udemy course\\Complete React developer\\e-commerce_shop\\client\\src\\serviceWorker.js": {"path":"D:\\Web\\Web\\Udemy course\\Complete React developer\\e-commerce_shop\\client\\src\\serviceWorker.js","statementMap":{"0":{"start":{"line":13,"column":20},"end":{"line":21,"column":1}},"1":{"start":{"line":24,"column":2},"end":{"line":54,"column":3}},"2":{"start":{"line":26,"column":22},"end":{"line":26,"column":75}},"3":{"start":{"line":27,"column":4},"end":{"line":32,"column":5}},"4":{"start":{"line":31,"column":6},"end":{"line":31,"column":13}},"5":{"start":{"line":34,"column":4},"end":{"line":53,"column":7}},"6":{"start":{"line":35,"column":20},"end":{"line":35,"column":65}},"7":{"start":{"line":37,"column":6},"end":{"line":52,"column":7}},"8":{"start":{"line":39,"column":8},"end":{"line":39,"column":47}},"9":{"start":{"line":43,"column":8},"end":{"line":48,"column":11}},"10":{"start":{"line":44,"column":10},"end":{"line":47,"column":12}},"11":{"start":{"line":51,"column":8},"end":{"line":51,"column":39}},"12":{"start":{"line":58,"column":2},"end":{"line":98,"column":7}},"13":{"start":{"line":61,"column":6},"end":{"line":94,"column":8}},"14":{"start":{"line":62,"column":33},"end":{"line":62,"column":56}},"15":{"start":{"line":63,"column":8},"end":{"line":65,"column":9}},"16":{"start":{"line":64,"column":10},"end":{"line":64,"column":17}},"17":{"start":{"line":66,"column":8},"end":{"line":93,"column":10}},"18":{"start":{"line":67,"column":10},"end":{"line":92,"column":11}},"19":{"start":{"line":68,"column":12},"end":{"line":91,"column":13}},"20":{"start":{"line":72,"column":14},"end":{"line":75,"column":16}},"21":{"start":{"line":78,"column":14},"end":{"line":80,"column":15}},"22":{"start":{"line":79,"column":16},"end":{"line":79,"column":46}},"23":{"start":{"line":85,"column":14},"end":{"line":85,"column":64}},"24":{"start":{"line":88,"column":14},"end":{"line":90,"column":15}},"25":{"start":{"line":89,"column":16},"end":{"line":89,"column":47}},"26":{"start":{"line":97,"column":6},"end":{"line":97,"column":72}},"27":{"start":{"line":103,"column":2},"end":{"line":128,"column":7}},"28":{"start":{"line":108,"column":26},"end":{"line":108,"column":62}},"29":{"start":{"line":109,"column":6},"end":{"line":122,"column":7}},"30":{"start":{"line":114,"column":8},"end":{"line":118,"column":11}},"31":{"start":{"line":115,"column":10},"end":{"line":117,"column":13}},"32":{"start":{"line":116,"column":12},"end":{"line":116,"column":37}},"33":{"start":{"line":121,"column":8},"end":{"line":121,"column":39}},"34":{"start":{"line":125,"column":6},"end":{"line":127,"column":8}},"35":{"start":{"line":132,"column":2},"end":{"line":140,"column":3}},"36":{"start":{"line":133,"column":4},"end":{"line":139,"column":9}},"37":{"start":{"line":135,"column":8},"end":{"line":135,"column":34}},"38":{"start":{"line":138,"column":8},"end":{"line":138,"column":37}}},"fnMap":{"0":{"name":"register","decl":{"start":{"line":23,"column":16},"end":{"line":23,"column":24}},"loc":{"start":{"line":23,"column":33},"end":{"line":55,"column":1}},"line":23},"1":{"name":"(anonymous_1)","decl":{"start":{"line":34,"column":36},"end":{"line":34,"column":37}},"loc":{"start":{"line":34,"column":42},"end":{"line":53,"column":5}},"line":34},"2":{"name":"(anonymous_2)","decl":{"start":{"line":43,"column":43},"end":{"line":43,"column":44}},"loc":{"start":{"line":43,"column":49},"end":{"line":48,"column":9}},"line":43},"3":{"name":"registerValidSW","decl":{"start":{"line":57,"column":9},"end":{"line":57,"column":24}},"loc":{"start":{"line":57,"column":40},"end":{"line":99,"column":1}},"line":57},"4":{"name":"(anonymous_4)","decl":{"start":{"line":60,"column":10},"end":{"line":60,"column":11}},"loc":{"start":{"line":60,"column":26},"end":{"line":95,"column":5}},"line":60},"5":{"name":"(anonymous_5)","decl":{"start":{"line":61,"column":35},"end":{"line":61,"column":36}},"loc":{"start":{"line":61,"column":41},"end":{"line":94,"column":7}},"line":61},"6":{"name":"(anonymous_6)","decl":{"start":{"line":66,"column":41},"end":{"line":66,"column":42}},"loc":{"start":{"line":66,"column":47},"end":{"line":93,"column":9}},"line":66},"7":{"name":"(anonymous_7)","decl":{"start":{"line":96,"column":11},"end":{"line":96,"column":12}},"loc":{"start":{"line":96,"column":20},"end":{"line":98,"column":5}},"line":96},"8":{"name":"checkValidServiceWorker","decl":{"start":{"line":101,"column":9},"end":{"line":101,"column":32}},"loc":{"start":{"line":101,"column":48},"end":{"line":129,"column":1}},"line":101},"9":{"name":"(anonymous_9)","decl":{"start":{"line":106,"column":10},"end":{"line":106,"column":11}},"loc":{"start":{"line":106,"column":22},"end":{"line":123,"column":5}},"line":106},"10":{"name":"(anonymous_10)","decl":{"start":{"line":114,"column":43},"end":{"line":114,"column":44}},"loc":{"start":{"line":114,"column":59},"end":{"line":118,"column":9}},"line":114},"11":{"name":"(anonymous_11)","decl":{"start":{"line":115,"column":41},"end":{"line":115,"column":42}},"loc":{"start":{"line":115,"column":47},"end":{"line":117,"column":11}},"line":115},"12":{"name":"(anonymous_12)","decl":{"start":{"line":124,"column":11},"end":{"line":124,"column":12}},"loc":{"start":{"line":124,"column":17},"end":{"line":128,"column":5}},"line":124},"13":{"name":"unregister","decl":{"start":{"line":131,"column":16},"end":{"line":131,"column":26}},"loc":{"start":{"line":131,"column":29},"end":{"line":141,"column":1}},"line":131},"14":{"name":"(anonymous_14)","decl":{"start":{"line":134,"column":12},"end":{"line":134,"column":13}},"loc":{"start":{"line":134,"column":28},"end":{"line":136,"column":7}},"line":134},"15":{"name":"(anonymous_15)","decl":{"start":{"line":137,"column":13},"end":{"line":137,"column":14}},"loc":{"start":{"line":137,"column":22},"end":{"line":139,"column":7}},"line":137}},"branchMap":{"0":{"loc":{"start":{"line":14,"column":2},"end":{"line":20,"column":5}},"type":"binary-expr","locations":[{"start":{"line":14,"column":2},"end":{"line":14,"column":42}},{"start":{"line":16,"column":4},"end":{"line":16,"column":40}},{"start":{"line":18,"column":4},"end":{"line":20,"column":5}}],"line":14},"1":{"loc":{"start":{"line":24,"column":2},"end":{"line":54,"column":3}},"type":"if","locations":[{"start":{"line":24,"column":2},"end":{"line":54,"column":3}},{"start":{"line":24,"column":2},"end":{"line":54,"column":3}}],"line":24},"2":{"loc":{"start":{"line":24,"column":6},"end":{"line":24,"column":75}},"type":"binary-expr","locations":[{"start":{"line":24,"column":6},"end":{"line":24,"column":43}},{"start":{"line":24,"column":47},"end":{"line":24,"column":75}}],"line":24},"3":{"loc":{"start":{"line":27,"column":4},"end":{"line":32,"column":5}},"type":"if","locations":[{"start":{"line":27,"column":4},"end":{"line":32,"column":5}},{"start":{"line":27,"column":4},"end":{"line":32,"column":5}}],"line":27},"4":{"loc":{"start":{"line":37,"column":6},"end":{"line":52,"column":7}},"type":"if","locations":[{"start":{"line":37,"column":6},"end":{"line":52,"column":7}},{"start":{"line":37,"column":6},"end":{"line":52,"column":7}}],"line":37},"5":{"loc":{"start":{"line":63,"column":8},"end":{"line":65,"column":9}},"type":"if","locations":[{"start":{"line":63,"column":8},"end":{"line":65,"column":9}},{"start":{"line":63,"column":8},"end":{"line":65,"column":9}}],"line":63},"6":{"loc":{"start":{"line":67,"column":10},"end":{"line":92,"column":11}},"type":"if","locations":[{"start":{"line":67,"column":10},"end":{"line":92,"column":11}},{"start":{"line":67,"column":10},"end":{"line":92,"column":11}}],"line":67},"7":{"loc":{"start":{"line":68,"column":12},"end":{"line":91,"column":13}},"type":"if","locations":[{"start":{"line":68,"column":12},"end":{"line":91,"column":13}},{"start":{"line":68,"column":12},"end":{"line":91,"column":13}}],"line":68},"8":{"loc":{"start":{"line":78,"column":14},"end":{"line":80,"column":15}},"type":"if","locations":[{"start":{"line":78,"column":14},"end":{"line":80,"column":15}},{"start":{"line":78,"column":14},"end":{"line":80,"column":15}}],"line":78},"9":{"loc":{"start":{"line":78,"column":18},"end":{"line":78,"column":43}},"type":"binary-expr","locations":[{"start":{"line":78,"column":18},"end":{"line":78,"column":24}},{"start":{"line":78,"column":28},"end":{"line":78,"column":43}}],"line":78},"10":{"loc":{"start":{"line":88,"column":14},"end":{"line":90,"column":15}},"type":"if","locations":[{"start":{"line":88,"column":14},"end":{"line":90,"column":15}},{"start":{"line":88,"column":14},"end":{"line":90,"column":15}}],"line":88},"11":{"loc":{"start":{"line":88,"column":18},"end":{"line":88,"column":44}},"type":"binary-expr","locations":[{"start":{"line":88,"column":18},"end":{"line":88,"column":24}},{"start":{"line":88,"column":28},"end":{"line":88,"column":44}}],"line":88},"12":{"loc":{"start":{"line":109,"column":6},"end":{"line":122,"column":7}},"type":"if","locations":[{"start":{"line":109,"column":6},"end":{"line":122,"column":7}},{"start":{"line":109,"column":6},"end":{"line":122,"column":7}}],"line":109},"13":{"loc":{"start":{"line":110,"column":8},"end":{"line":111,"column":73}},"type":"binary-expr","locations":[{"start":{"line":110,"column":8},"end":{"line":110,"column":31}},{"start":{"line":111,"column":9},"end":{"line":111,"column":28}},{"start":{"line":111,"column":32},"end":{"line":111,"column":72}}],"line":110},"14":{"loc":{"start":{"line":132,"column":2},"end":{"line":140,"column":3}},"type":"if","locations":[{"start":{"line":132,"column":2},"end":{"line":140,"column":3}},{"start":{"line":132,"column":2},"end":{"line":140,"column":3}}],"line":132}},"s":{"0":0,"1":0,"2":0,"3":0,"4":0,"5":0,"6":0,"7":0,"8":0,"9":0,"10":0,"11":0,"12":0,"13":0,"14":0,"15":0,"16":0,"17":0,"18":0,"19":0,"20":0,"21":0,"22":0,"23":0,"24":0,"25":0,"26":0,"27":0,"28":0,"29":0,"30":0,"31":0,"32":0,"33":0,"34":0,"35":0,"36":0,"37":0,"38":0},"f":{"0":0,"1":0,"2":0,"3":0,"4":0,"5":0,"6":0,"7":0,"8":0,"9":0,"10":0,"11":0,"12":0,"13":0,"14":0,"15":0},"b":{"0":[0,0,0],"1":[0,0],"2":[0,0],"3":[0,0],"4":[0,0],"5":[0,0],"6":[0,0],"7":[0,0],"8":[0,0],"9":[0,0],"10":[0,0],"11":[0,0],"12":[0,0],"13":[0,0,0],"14":[0,0]},"hash":"0e0edf528410cd175ffe9fb66eaba03bc3edf0e3"}
,"D:\\Web\\Web\\Udemy course\\Complete React developer\\e-commerce_shop\\client\\src\\styles.global.js": {"path":"D:\\Web\\Web\\Udemy course\\Complete React developer\\e-commerce_shop\\client\\src\\styles.global.js","statementMap":{"0":{"start":{"line":3,"column":27},"end":{"line":19,"column":4}}},"fnMap":{},"branchMap":{},"s":{"0":0},"f":{},"b":{},"hash":"f7ab7789c8bea8478e9ccebaafa4e018b0cbffa2"}
,"D:\\Web\\Web\\Udemy course\\Complete React developer\\e-commerce_shop\\client\\src\\components\\button\\button.jsx": {"path":"D:\\Web\\Web\\Udemy course\\Complete React developer\\e-commerce_shop\\client\\src\\components\\button\\button.jsx","statementMap":{"0":{"start":{"line":5,"column":28},"end":{"line":7,"column":1}},"1":{"start":{"line":6,"column":2},"end":{"line":6,"column":70}}},"fnMap":{"0":{"name":"(anonymous_0)","decl":{"start":{"line":5,"column":28},"end":{"line":5,"column":29}},"loc":{"start":{"line":6,"column":2},"end":{"line":6,"column":70}},"line":6}},"branchMap":{},"s":{"0":2,"1":1},"f":{"0":1},"b":{},"_coverageSchema":"43e27e138ebf9cfc5966b082cf9a028302ed4184","hash":"c22e7f8a8e0d550f5ba922d2090c754ddaa99a72"}
,"D:\\Web\\Web\\Udemy course\\Complete React developer\\e-commerce_shop\\client\\src\\components\\button\\button.styles.js": {"path":"D:\\Web\\Web\\Udemy course\\Complete React developer\\e-commerce_shop\\client\\src\\components\\button\\button.styles.js","statementMap":{"0":{"start":{"line":3,"column":21},"end":{"line":13,"column":1}},"1":{"start":{"line":15,"column":29},"end":{"line":25,"column":1}},"2":{"start":{"line":27,"column":27},"end":{"line":35,"column":1}},"3":{"start":{"line":37,"column":24},"end":{"line":43,"column":1}},"4":{"start":{"line":38,"column":2},"end":{"line":40,"column":3}},"5":{"start":{"line":39,"column":4},"end":{"line":39,"column":30}},"6":{"start":{"line":42,"column":2},"end":{"line":42,"column":62}},"7":{"start":{"line":45,"column":37},"end":{"line":60,"column":1}}},"fnMap":{"0":{"name":"(anonymous_0)","decl":{"start":{"line":37,"column":24},"end":{"line":37,"column":25}},"loc":{"start":{"line":37,"column":33},"end":{"line":43,"column":1}},"line":37}},"branchMap":{"0":{"loc":{"start":{"line":38,"column":2},"end":{"line":40,"column":3}},"type":"if","locations":[{"start":{"line":38,"column":2},"end":{"line":40,"column":3}},{"start":{"line":38,"column":2},"end":{"line":40,"column":3}}],"line":38},"1":{"loc":{"start":{"line":42,"column":9},"end":{"line":42,"column":61}},"type":"cond-expr","locations":[{"start":{"line":42,"column":26},"end":{"line":42,"column":46}},{"start":{"line":42,"column":49},"end":{"line":42,"column":61}}],"line":42}},"s":{"0":2,"1":2,"2":2,"3":2,"4":0,"5":0,"6":0,"7":2},"f":{"0":0},"b":{"0":[0,0],"1":[0,0]},"_coverageSchema":"43e27e138ebf9cfc5966b082cf9a028302ed4184","hash":"94a8031c2ddf9ad40dd7562615549be4be929689"}
,"D:\\Web\\Web\\Udemy course\\Complete React developer\\e-commerce_shop\\client\\src\\components\\cart-icon\\cart-icon.jsx": {"path":"D:\\Web\\Web\\Udemy course\\Complete React developer\\e-commerce_shop\\client\\src\\components\\cart-icon\\cart-icon.jsx","statementMap":{"0":{"start":{"line":17,"column":17},"end":{"line":22,"column":1}},"1":{"start":{"line":18,"column":2},"end":{"line":21,"column":18}},"2":{"start":{"line":24,"column":24},"end":{"line":26,"column":2}},"3":{"start":{"line":28,"column":27},"end":{"line":30,"column":2}},"4":{"start":{"line":28,"column":42},"end":{"line":30,"column":1}},"5":{"start":{"line":29,"column":23},"end":{"line":29,"column":48}}},"fnMap":{"0":{"name":"(anonymous_0)","decl":{"start":{"line":17,"column":17},"end":{"line":17,"column":18}},"loc":{"start":{"line":18,"column":2},"end":{"line":21,"column":18}},"line":18},"1":{"name":"(anonymous_1)","decl":{"start":{"line":28,"column":27},"end":{"line":28,"column":28}},"loc":{"start":{"line":28,"column":42},"end":{"line":30,"column":1}},"line":28},"2":{"name":"(anonymous_2)","decl":{"start":{"line":29,"column":17},"end":{"line":29,"column":18}},"loc":{"start":{"line":29,"column":23},"end":{"line":29,"column":48}},"line":29}},"branchMap":{},"s":{"0":0,"1":0,"2":0,"3":0,"4":0,"5":0},"f":{"0":0,"1":0,"2":0},"b":{},"hash":"3fdf32487cca1418309e591253f4b3a8caec45e3"}
,"D:\\Web\\Web\\Udemy course\\Complete React developer\\e-commerce_shop\\client\\src\\components\\cart-icon\\cart-icon.styles.jsx": {"path":"D:\\Web\\Web\\Udemy course\\Complete React developer\\e-commerce_shop\\client\\src\\components\\cart-icon\\cart-icon.styles.jsx","statementMap":{"0":{"start":{"line":5,"column":29},"end":{"line":13,"column":1}},"1":{"start":{"line":15,"column":28},"end":{"line":18,"column":1}},"2":{"start":{"line":20,"column":34},"end":{"line":25,"column":1}}},"fnMap":{},"branchMap":{},"s":{"0":0,"1":0,"2":0},"f":{},"b":{},"hash":"77cda4e7d4858c5daf33e39c4e831c0c75603156"}
,"D:\\Web\\Web\\Udemy course\\Complete React developer\\e-commerce_shop\\client\\src\\components\\cart-item\\cart-item.jsx": {"path":"D:\\Web\\Web\\Udemy course\\Complete React developer\\e-commerce_shop\\client\\src\\components\\cart-item\\cart-item.jsx","statementMap":{"0":{"start":{"line":9,"column":17},"end":{"line":17,"column":1}},"1":{"start":{"line":10,"column":2},"end":{"line":16,"column":22}}},"fnMap":{"0":{"name":"(anonymous_0)","decl":{"start":{"line":9,"column":17},"end":{"line":9,"column":18}},"loc":{"start":{"line":10,"column":2},"end":{"line":16,"column":22}},"line":10}},"branchMap":{},"s":{"0":1,"1":0},"f":{"0":0},"b":{},"_coverageSchema":"43e27e138ebf9cfc5966b082cf9a028302ed4184","hash":"296c62cd86a880803388d92915ea7606884b47a4"}
,"D:\\Web\\Web\\Udemy course\\Complete React developer\\e-commerce_shop\\client\\src\\components\\cart-item\\cart-item.styles.js": {"path":"D:\\Web\\Web\\Udemy course\\Complete React developer\\e-commerce_shop\\client\\src\\components\\cart-item\\cart-item.styles.js","statementMap":{"0":{"start":{"line":3,"column":33},"end":{"line":8,"column":1}},"1":{"start":{"line":10,"column":29},"end":{"line":12,"column":1}},"2":{"start":{"line":14,"column":36},"end":{"line":21,"column":1}}},"fnMap":{},"branchMap":{},"s":{"0":1,"1":1,"2":1},"f":{},"b":{},"_coverageSchema":"43e27e138ebf9cfc5966b082cf9a028302ed4184","hash":"a6eb0eef9597daa4decb592dcaab909482b392a8"}
,"D:\\Web\\Web\\Udemy course\\Complete React developer\\e-commerce_shop\\client\\src\\components\\cart_dropdown\\cart_dropdown.jsx": {"path":"D:\\Web\\Web\\Udemy course\\Complete React developer\\e-commerce_shop\\client\\src\\components\\cart_dropdown\\cart_dropdown.jsx","statementMap":{"0":{"start":{"line":17,"column":21},"end":{"line":37,"column":1}},"1":{"start":{"line":18,"column":2},"end":{"line":36,"column":26}},"2":{"start":{"line":22,"column":10},"end":{"line":22,"column":60}},"3":{"start":{"line":30,"column":8},"end":{"line":30,"column":34}},"4":{"start":{"line":31,"column":8},"end":{"line":31,"column":34}},"5":{"start":{"line":39,"column":24},"end":{"line":41,"column":2}}},"fnMap":{"0":{"name":"(anonymous_0)","decl":{"start":{"line":17,"column":21},"end":{"line":17,"column":22}},"loc":{"start":{"line":18,"column":2},"end":{"line":36,"column":26}},"line":18},"1":{"name":"(anonymous_1)","decl":{"start":{"line":21,"column":22},"end":{"line":21,"column":23}},"loc":{"start":{"line":22,"column":10},"end":{"line":22,"column":60}},"line":22},"2":{"name":"(anonymous_2)","decl":{"start":{"line":29,"column":15},"end":{"line":29,"column":16}},"loc":{"start":{"line":29,"column":21},"end":{"line":32,"column":7}},"line":29}},"branchMap":{"0":{"loc":{"start":{"line":20,"column":7},"end":{"line":26,"column":7}},"type":"cond-expr","locations":[{"start":{"line":21,"column":8},"end":{"line":23,"column":10}},{"start":{"line":25,"column":8},"end":{"line":25,"column":73}}],"line":20}},"s":{"0":1,"1":0,"2":0,"3":0,"4":0,"5":1},"f":{"0":0,"1":0,"2":0},"b":{"0":[0,0]},"_coverageSchema":"43e27e138ebf9cfc5966b082cf9a028302ed4184","hash":"3767d27a15b85a20646f52f45af419be14b51675"}
,"D:\\Web\\Web\\Udemy course\\Complete React developer\\e-commerce_shop\\client\\src\\components\\cart_dropdown\\cart_dropdown.styles.js": {"path":"D:\\Web\\Web\\Udemy course\\Complete React developer\\e-commerce_shop\\client\\src\\components\\cart_dropdown\\cart_dropdown.styles.js","statementMap":{"0":{"start":{"line":4,"column":37},"end":{"line":16,"column":1}},"1":{"start":{"line":18,"column":34},"end":{"line":21,"column":1}},"2":{"start":{"line":23,"column":37},"end":{"line":25,"column":1}},"3":{"start":{"line":27,"column":34},"end":{"line":33,"column":1}}},"fnMap":{},"branchMap":{},"s":{"0":1,"1":1,"2":1,"3":1},"f":{},"b":{},"_coverageSchema":"43e27e138ebf9cfc5966b082cf9a028302ed4184","hash":"159f310c3fb69f8e2f654d5f8139de6dd54d1837"}
,"D:\\Web\\Web\\Udemy course\\Complete React developer\\e-commerce_shop\\client\\src\\components\\checkoutItem\\checkoutItem.jsx": {"path":"D:\\Web\\Web\\Udemy course\\Complete React developer\\e-commerce_shop\\client\\src\\components\\checkoutItem\\checkoutItem.jsx","statementMap":{"0":{"start":{"line":18,"column":21},"end":{"line":42,"column":1}},"1":{"start":{"line":24,"column":46},"end":{"line":24,"column":54}},"2":{"start":{"line":25,"column":2},"end":{"line":41,"column":4}},"3":{"start":{"line":32,"column":28},"end":{"line":32,"column":48}},"4":{"start":{"line":34,"column":28},"end":{"line":34,"column":58}},"5":{"start":{"line":37,"column":44},"end":{"line":37,"column":63}},"6":{"start":{"line":43,"column":27},"end":{"line":47,"column":2}},"7":{"start":{"line":43,"column":42},"end":{"line":47,"column":1}},"8":{"start":{"line":44,"column":23},"end":{"line":44,"column":58}},"9":{"start":{"line":45,"column":28},"end":{"line":45,"column":68}},"10":{"start":{"line":46,"column":38},"end":{"line":46,"column":65}}},"fnMap":{"0":{"name":"(anonymous_0)","decl":{"start":{"line":18,"column":21},"end":{"line":18,"column":22}},"loc":{"start":{"line":23,"column":6},"end":{"line":42,"column":1}},"line":23},"1":{"name":"(anonymous_1)","decl":{"start":{"line":32,"column":22},"end":{"line":32,"column":23}},"loc":{"start":{"line":32,"column":28},"end":{"line":32,"column":48}},"line":32},"2":{"name":"(anonymous_2)","decl":{"start":{"line":34,"column":22},"end":{"line":34,"column":23}},"loc":{"start":{"line":34,"column":28},"end":{"line":34,"column":58}},"line":34},"3":{"name":"(anonymous_3)","decl":{"start":{"line":37,"column":38},"end":{"line":37,"column":39}},"loc":{"start":{"line":37,"column":44},"end":{"line":37,"column":63}},"line":37},"4":{"name":"(anonymous_4)","decl":{"start":{"line":43,"column":27},"end":{"line":43,"column":28}},"loc":{"start":{"line":43,"column":42},"end":{"line":47,"column":1}},"line":43},"5":{"name":"(anonymous_5)","decl":{"start":{"line":44,"column":13},"end":{"line":44,"column":14}},"loc":{"start":{"line":44,"column":23},"end":{"line":44,"column":58}},"line":44},"6":{"name":"(anonymous_6)","decl":{"start":{"line":45,"column":14},"end":{"line":45,"column":15}},"loc":{"start":{"line":45,"column":28},"end":{"line":45,"column":68}},"line":45},"7":{"name":"(anonymous_7)","decl":{"start":{"line":46,"column":24},"end":{"line":46,"column":25}},"loc":{"start":{"line":46,"column":38},"end":{"line":46,"column":65}},"line":46}},"branchMap":{},"s":{"0":0,"1":0,"2":0,"3":0,"4":0,"5":0,"6":0,"7":0,"8":0,"9":0,"10":0},"f":{"0":0,"1":0,"2":0,"3":0,"4":0,"5":0,"6":0,"7":0},"b":{},"hash":"3242cf8b64bdb3c743a99255cf891f7e36d0dad2"}
,"D:\\Web\\Web\\Udemy course\\Complete React developer\\e-commerce_shop\\client\\src\\components\\checkoutItem\\checkoutitem.styles.js": {"path":"D:\\Web\\Web\\Udemy course\\Complete React developer\\e-commerce_shop\\client\\src\\components\\checkoutItem\\checkoutitem.styles.js","statementMap":{"0":{"start":{"line":3,"column":37},"end":{"line":14,"column":1}},"1":{"start":{"line":16,"column":30},"end":{"line":23,"column":1}},"2":{"start":{"line":25,"column":29},"end":{"line":30,"column":1}},"3":{"start":{"line":32,"column":33},"end":{"line":40,"column":1}},"4":{"start":{"line":42,"column":37},"end":{"line":45,"column":1}}},"fnMap":{},"branchMap":{},"s":{"0":0,"1":0,"2":0,"3":0,"4":0},"f":{},"b":{},"hash":"22c4d76bef6633d01d5f29847fa603bb66ae07a6"}
,"D:\\Web\\Web\\Udemy course\\Complete React developer\\e-commerce_shop\\client\\src\\components\\collection-item\\collection-item.jsx": {"path":"D:\\Web\\Web\\Udemy course\\Complete React developer\\e-commerce_shop\\client\\src\\components\\collection-item\\collection-item.jsx","statementMap":{"0":{"start":{"line":15,"column":23},"end":{"line":30,"column":1}},"1":{"start":{"line":16,"column":36},"end":{"line":16,"column":40}},"2":{"start":{"line":18,"column":2},"end":{"line":29,"column":4}},"3":{"start":{"line":25,"column":32},"end":{"line":25,"column":45}},"4":{"start":{"line":32,"column":27},"end":{"line":34,"column":2}},"5":{"start":{"line":32,"column":42},"end":{"line":34,"column":1}},"6":{"start":{"line":33,"column":21},"end":{"line":33,"column":44}}},"fnMap":{"0":{"name":"(anonymous_0)","decl":{"start":{"line":15,"column":23},"end":{"line":15,"column":24}},"loc":{"start":{"line":15,"column":46},"end":{"line":30,"column":1}},"line":15},"1":{"name":"(anonymous_1)","decl":{"start":{"line":25,"column":26},"end":{"line":25,"column":27}},"loc":{"start":{"line":25,"column":32},"end":{"line":25,"column":45}},"line":25},"2":{"name":"(anonymous_2)","decl":{"start":{"line":32,"column":27},"end":{"line":32,"column":28}},"loc":{"start":{"line":32,"column":42},"end":{"line":34,"column":1}},"line":32},"3":{"name":"(anonymous_3)","decl":{"start":{"line":33,"column":11},"end":{"line":33,"column":12}},"loc":{"start":{"line":33,"column":21},"end":{"line":33,"column":44}},"line":33}},"branchMap":{},"s":{"0":0,"1":0,"2":0,"3":0,"4":0,"5":0,"6":0},"f":{"0":0,"1":0,"2":0,"3":0},"b":{},"hash":"d2ad39b8bbe60504451c8be8f5f9a945acf7009e"}
,"D:\\Web\\Web\\Udemy course\\Complete React developer\\e-commerce_shop\\client\\src\\components\\collection-item\\collection-item.styles.js": {"path":"D:\\Web\\Web\\Udemy course\\Complete React developer\\e-commerce_shop\\client\\src\\components\\collection-item\\collection-item.styles.js","statementMap":{"0":{"start":{"line":4,"column":39},"end":{"line":31,"column":1}},"1":{"start":{"line":33,"column":25},"end":{"line":45,"column":1}},"2":{"start":{"line":47,"column":0},"end":{"line":47,"column":36}},"3":{"start":{"line":49,"column":31},"end":{"line":56,"column":1}},"4":{"start":{"line":55,"column":40},"end":{"line":55,"column":58}},"5":{"start":{"line":58,"column":0},"end":{"line":58,"column":48}},"6":{"start":{"line":60,"column":41},"end":{"line":66,"column":1}},"7":{"start":{"line":68,"column":0},"end":{"line":68,"column":68}},"8":{"start":{"line":70,"column":29},"end":{"line":73,"column":1}},"9":{"start":{"line":75,"column":0},"end":{"line":75,"column":44}},"10":{"start":{"line":77,"column":30},"end":{"line":80,"column":1}},"11":{"start":{"line":82,"column":0},"end":{"line":82,"column":46}}},"fnMap":{"0":{"name":"(anonymous_0)","decl":{"start":{"line":55,"column":22},"end":{"line":55,"column":23}},"loc":{"start":{"line":55,"column":40},"end":{"line":55,"column":58}},"line":55}},"branchMap":{},"s":{"0":0,"1":0,"2":0,"3":0,"4":0,"5":0,"6":0,"7":0,"8":0,"9":0,"10":0,"11":0},"f":{"0":0},"b":{},"hash":"d153e740ea463b321c2edf1b196d30a6c8b2d6b4"}
,"D:\\Web\\Web\\Udemy course\\Complete React developer\\e-commerce_shop\\client\\src\\components\\collection-overview\\collection-overview.container.js": {"path":"D:\\Web\\Web\\Udemy course\\Complete React developer\\e-commerce_shop\\client\\src\\components\\collection-overview\\collection-overview.container.js","statementMap":{"0":{"start":{"line":9,"column":24},"end":{"line":11,"column":2}},"1":{"start":{"line":13,"column":37},"end":{"line":16,"column":21}}},"fnMap":{},"branchMap":{},"s":{"0":0,"1":0},"f":{},"b":{},"hash":"55554ac149d9c1de75f9f0ce7cdd5308cc44b7e5"}
,"D:\\Web\\Web\\Udemy course\\Complete React developer\\e-commerce_shop\\client\\src\\components\\collection-overview\\collection-overview.jsx": {"path":"D:\\Web\\Web\\Udemy course\\Complete React developer\\e-commerce_shop\\client\\src\\components\\collection-overview\\collection-overview.jsx","statementMap":{"0":{"start":{"line":9,"column":27},"end":{"line":15,"column":1}},"1":{"start":{"line":10,"column":2},"end":{"line":14,"column":32}},"2":{"start":{"line":12,"column":6},"end":{"line":12,"column":62}},"3":{"start":{"line":17,"column":27},"end":{"line":19,"column":2}}},"fnMap":{"0":{"name":"(anonymous_0)","decl":{"start":{"line":9,"column":27},"end":{"line":9,"column":28}},"loc":{"start":{"line":10,"column":2},"end":{"line":14,"column":32}},"line":10},"1":{"name":"(anonymous_1)","decl":{"start":{"line":11,"column":21},"end":{"line":11,"column":22}},"loc":{"start":{"line":12,"column":6},"end":{"line":12,"column":62}},"line":12}},"branchMap":{},"s":{"0":0,"1":0,"2":0,"3":0},"f":{"0":0,"1":0},"b":{},"hash":"74c9bb75d0b784c143ff7e0f8d8e26f5d6bc7352"}
,"D:\\Web\\Web\\Udemy course\\Complete React developer\\e-commerce_shop\\client\\src\\components\\collection-overview\\collection-overview.styles.js": {"path":"D:\\Web\\Web\\Udemy course\\Complete React developer\\e-commerce_shop\\client\\src\\components\\collection-overview\\collection-overview.styles.js","statementMap":{"0":{"start":{"line":3,"column":43},"end":{"line":6,"column":1}}},"fnMap":{},"branchMap":{},"s":{"0":0},"f":{},"b":{},"hash":"b4fb1d0fc19c30decdb604fe35f54b474b162789"}
,"D:\\Web\\Web\\Udemy course\\Complete React developer\\e-commerce_shop\\client\\src\\components\\collection-preview\\collection-preview.jsx": {"path":"D:\\Web\\Web\\Udemy course\\Complete React developer\\e-commerce_shop\\client\\src\\components\\collection-preview\\collection-preview.jsx","statementMap":{"0":{"start":{"line":11,"column":26},"end":{"line":22,"column":1}},"1":{"start":{"line":12,"column":2},"end":{"line":21,"column":31}},"2":{"start":{"line":16,"column":31},"end":{"line":16,"column":38}},"3":{"start":{"line":18,"column":10},"end":{"line":18,"column":54}}},"fnMap":{"0":{"name":"(anonymous_0)","decl":{"start":{"line":11,"column":26},"end":{"line":11,"column":27}},"loc":{"start":{"line":12,"column":2},"end":{"line":21,"column":31}},"line":12},"1":{"name":"(anonymous_1)","decl":{"start":{"line":16,"column":16},"end":{"line":16,"column":17}},"loc":{"start":{"line":16,"column":31},"end":{"line":16,"column":38}},"line":16},"2":{"name":"(anonymous_2)","decl":{"start":{"line":17,"column":13},"end":{"line":17,"column":14}},"loc":{"start":{"line":18,"column":10},"end":{"line":18,"column":54}},"line":18}},"branchMap":{},"s":{"0":0,"1":0,"2":0,"3":0},"f":{"0":0,"1":0,"2":0},"b":{},"hash":"a96f54851034bd12d15b6d886a83aad4b7695e19"}
,"D:\\Web\\Web\\Udemy course\\Complete React developer\\e-commerce_shop\\client\\src\\components\\collection-preview\\collection-preview.styles.js": {"path":"D:\\Web\\Web\\Udemy course\\Complete React developer\\e-commerce_shop\\client\\src\\components\\collection-preview\\collection-preview.styles.js","statementMap":{"0":{"start":{"line":3,"column":42},"end":{"line":10,"column":1}},"1":{"start":{"line":12,"column":30},"end":{"line":19,"column":1}},"2":{"start":{"line":21,"column":32},"end":{"line":29,"column":1}}},"fnMap":{},"branchMap":{},"s":{"0":0,"1":0,"2":0},"f":{},"b":{},"hash":"43d47186168839b74bf7226e05a105e5d22dd8e9"}
,"D:\\Web\\Web\\Udemy course\\Complete React developer\\e-commerce_shop\\client\\src\\components\\directory\\directory.jsx": {"path":"D:\\Web\\Web\\Udemy course\\Complete React developer\\e-commerce_shop\\client\\src\\components\\directory\\directory.jsx","statementMap":{"0":{"start":{"line":10,"column":18},"end":{"line":16,"column":1}},"1":{"start":{"line":11,"column":2},"end":{"line":15,"column":27}},"2":{"start":{"line":13,"column":6},"end":{"line":13,"column":51}},"3":{"start":{"line":18,"column":24},"end":{"line":20,"column":2}}},"fnMap":{"0":{"name":"(anonymous_0)","decl":{"start":{"line":10,"column":18},"end":{"line":10,"column":19}},"loc":{"start":{"line":11,"column":2},"end":{"line":15,"column":27}},"line":11},"1":{"name":"(anonymous_1)","decl":{"start":{"line":12,"column":18},"end":{"line":12,"column":19}},"loc":{"start":{"line":13,"column":6},"end":{"line":13,"column":51}},"line":13}},"branchMap":{},"s":{"0":0,"1":0,"2":0,"3":0},"f":{"0":0,"1":0},"b":{},"hash":"d11945022836cfcd0a489bdcdfd08db908596c99"}
,"D:\\Web\\Web\\Udemy course\\Complete React developer\\e-commerce_shop\\client\\src\\components\\directory\\directory.styles.js": {"path":"D:\\Web\\Web\\Udemy course\\Complete React developer\\e-commerce_shop\\client\\src\\components\\directory\\directory.styles.js","statementMap":{"0":{"start":{"line":3,"column":38},"end":{"line":8,"column":1}}},"fnMap":{},"branchMap":{},"s":{"0":0},"f":{},"b":{},"hash":"1b2e0613dab6f26f32555ae92eeef90d2503aa8f"}
,"D:\\Web\\Web\\Udemy course\\Complete React developer\\e-commerce_shop\\client\\src\\components\\error_boundary\\error_boundary.jsx": {"path":"D:\\Web\\Web\\Udemy course\\Complete React developer\\e-commerce_shop\\client\\src\\components\\error_boundary\\error_boundary.jsx","statementMap":{"0":{"start":{"line":10,"column":4},"end":{"line":10,"column":12}},"1":{"start":{"line":12,"column":4},"end":{"line":14,"column":6}},"2":{"start":{"line":18,"column":4},"end":{"line":18,"column":32}},"3":{"start":{"line":22,"column":4},"end":{"line":22,"column":23}},"4":{"start":{"line":26,"column":4},"end":{"line":36,"column":5}},"5":{"start":{"line":27,"column":6},"end":{"line":35,"column":8}},"6":{"start":{"line":37,"column":4},"end":{"line":37,"column":31}}},"fnMap":{"0":{"name":"(anonymous_0)","decl":{"start":{"line":9,"column":2},"end":{"line":9,"column":3}},"loc":{"start":{"line":9,"column":16},"end":{"line":15,"column":3}},"line":9},"1":{"name":"(anonymous_1)","decl":{"start":{"line":17,"column":2},"end":{"line":17,"column":3}},"loc":{"start":{"line":17,"column":41},"end":{"line":19,"column":3}},"line":17},"2":{"name":"(anonymous_2)","decl":{"start":{"line":21,"column":2},"end":{"line":21,"column":3}},"loc":{"start":{"line":21,"column":33},"end":{"line":23,"column":3}},"line":21},"3":{"name":"(anonymous_3)","decl":{"start":{"line":25,"column":2},"end":{"line":25,"column":3}},"loc":{"start":{"line":25,"column":11},"end":{"line":38,"column":3}},"line":25}},"branchMap":{"0":{"loc":{"start":{"line":26,"column":4},"end":{"line":36,"column":5}},"type":"if","locations":[{"start":{"line":26,"column":4},"end":{"line":36,"column":5}},{"start":{"line":26,"column":4},"end":{"line":36,"column":5}}],"line":26}},"s":{"0":0,"1":0,"2":0,"3":0,"4":0,"5":0,"6":0},"f":{"0":0,"1":0,"2":0,"3":0},"b":{"0":[0,0]},"hash":"9b8da5ea976d576db4e377e9efc280345b44f272"}
,"D:\\Web\\Web\\Udemy course\\Complete React developer\\e-commerce_shop\\client\\src\\components\\error_boundary\\error_boundary.styles.js": {"path":"D:\\Web\\Web\\Udemy course\\Complete React developer\\e-commerce_shop\\client\\src\\components\\error_boundary\\error_boundary.styles.js","statementMap":{"0":{"start":{"line":3,"column":33},"end":{"line":10,"column":1}},"1":{"start":{"line":12,"column":35},"end":{"line":19,"column":1}},"2":{"start":{"line":14,"column":40},"end":{"line":14,"column":58}},"3":{"start":{"line":21,"column":30},"end":{"line":24,"column":1}}},"fnMap":{"0":{"name":"(anonymous_0)","decl":{"start":{"line":14,"column":22},"end":{"line":14,"column":23}},"loc":{"start":{"line":14,"column":40},"end":{"line":14,"column":58}},"line":14}},"branchMap":{},"s":{"0":0,"1":0,"2":0,"3":0},"f":{"0":0},"b":{},"hash":"8b39e07889b93f6b1b19c974ba23e872b30a4e0c"}
,"D:\\Web\\Web\\Udemy course\\Complete React developer\\e-commerce_shop\\client\\src\\components\\inputform\\inputform.jsx": {"path":"D:\\Web\\Web\\Udemy course\\Complete React developer\\e-commerce_shop\\client\\src\\components\\inputform\\inputform.jsx","statementMap":{"0":{"start":{"line":9,"column":18},"end":{"line":18,"column":1}},"1":{"start":{"line":10,"column":2},"end":{"line":17,"column":19}}},"fnMap":{"0":{"name":"(anonymous_0)","decl":{"start":{"line":9,"column":18},"end":{"line":9,"column":19}},"loc":{"start":{"line":10,"column":2},"end":{"line":17,"column":19}},"line":10}},"branchMap":{"0":{"loc":{"start":{"line":12,"column":5},"end":{"line":16,"column":12}},"type":"cond-expr","locations":[{"start":{"line":13,"column":6},"end":{"line":15,"column":23}},{"start":{"line":16,"column":8},"end":{"line":16,"column":12}}],"line":12},"1":{"loc":{"start":{"line":13,"column":33},"end":{"line":13,"column":67}},"type":"cond-expr","locations":[{"start":{"line":13,"column":54},"end":{"line":13,"column":62}},{"start":{"line":13,"column":65},"end":{"line":13,"column":67}}],"line":13}},"s":{"0":0,"1":0},"f":{"0":0},"b":{"0":[0,0],"1":[0,0]},"hash":"703379773bee3ed40ec7531a0167fc9800cb4aa1"}
,"D:\\Web\\Web\\Udemy course\\Complete React developer\\e-commerce_shop\\client\\src\\components\\inputform\\inputform.styles.js": {"path":"D:\\Web\\Web\\Udemy course\\Complete React developer\\e-commerce_shop\\client\\src\\components\\inputform\\inputform.styles.js","statementMap":{"0":{"start":{"line":3,"column":17},"end":{"line":3,"column":23}},"1":{"start":{"line":4,"column":18},"end":{"line":4,"column":25}},"2":{"start":{"line":6,"column":26},"end":{"line":10,"column":1}},"3":{"start":{"line":12,"column":30},"end":{"line":18,"column":1}},"4":{"start":{"line":20,"column":34},"end":{"line":38,"column":1}},"5":{"start":{"line":40,"column":30},"end":{"line":52,"column":1}}},"fnMap":{},"branchMap":{},"s":{"0":0,"1":0,"2":0,"3":0,"4":0,"5":0},"f":{},"b":{},"hash":"c40fb0fd2a539d6bef6f2dd75999315cfbc6399c"}
,"D:\\Web\\Web\\Udemy course\\Complete React developer\\e-commerce_shop\\client\\src\\components\\loading_spinner\\loading_spinner.jsx": {"path":"D:\\Web\\Web\\Udemy course\\Complete React developer\\e-commerce_shop\\client\\src\\components\\loading_spinner\\loading_spinner.jsx","statementMap":{"0":{"start":{"line":5,"column":23},"end":{"line":11,"column":1}},"1":{"start":{"line":6,"column":2},"end":{"line":10,"column":4}}},"fnMap":{"0":{"name":"(anonymous_0)","decl":{"start":{"line":5,"column":23},"end":{"line":5,"column":24}},"loc":{"start":{"line":5,"column":29},"end":{"line":11,"column":1}},"line":5}},"branchMap":{},"s":{"0":0,"1":0},"f":{"0":0},"b":{},"hash":"e92552aeee21e19a7fb0b19a89d9a1beaec1fdd0"}
,"D:\\Web\\Web\\Udemy course\\Complete React developer\\e-commerce_shop\\client\\src\\components\\loading_spinner\\loading_spinner.styles.js": {"path":"D:\\Web\\Web\\Udemy course\\Complete React developer\\e-commerce_shop\\client\\src\\components\\loading_spinner\\loading_spinner.styles.js","statementMap":{"0":{"start":{"line":3,"column":30},"end":{"line":9,"column":1}},"1":{"start":{"line":11,"column":32},"end":{"line":30,"column":1}}},"fnMap":{},"branchMap":{},"s":{"0":0,"1":0},"f":{},"b":{},"hash":"f8a2ca7b3945f79841ce786451930aec60408ac0"}
,"D:\\Web\\Web\\Udemy course\\Complete React developer\\e-commerce_shop\\client\\src\\components\\menu-item\\menu-item.jsx": {"path":"D:\\Web\\Web\\Udemy course\\Complete React developer\\e-commerce_shop\\client\\src\\components\\menu-item\\menu-item.jsx","statementMap":{"0":{"start":{"line":12,"column":17},"end":{"line":26,"column":1}},"1":{"start":{"line":13,"column":2},"end":{"line":25,"column":22}},"2":{"start":{"line":15,"column":19},"end":{"line":15,"column":57}}},"fnMap":{"0":{"name":"(anonymous_0)","decl":{"start":{"line":12,"column":17},"end":{"line":12,"column":18}},"loc":{"start":{"line":13,"column":2},"end":{"line":25,"column":22}},"line":13},"1":{"name":"(anonymous_1)","decl":{"start":{"line":15,"column":13},"end":{"line":15,"column":14}},"loc":{"start":{"line":15,"column":19},"end":{"line":15,"column":57}},"line":15}},"branchMap":{},"s":{"0":0,"1":0,"2":0},"f":{"0":0,"1":0},"b":{},"hash":"c575423832f0f45bdddf066ef1b3b86ec0189a4b"}
,"D:\\Web\\Web\\Udemy course\\Complete React developer\\e-commerce_shop\\client\\src\\components\\menu-item\\menu-item.styles.js": {"path":"D:\\Web\\Web\\Udemy course\\Complete React developer\\e-commerce_shop\\client\\src\\components\\menu-item\\menu-item.styles.js","statementMap":{"0":{"start":{"line":3,"column":33},"end":{"line":33,"column":1}},"1":{"start":{"line":4,"column":27},"end":{"line":4,"column":51}},"2":{"start":{"line":35,"column":0},"end":{"line":35,"column":52}},"3":{"start":{"line":37,"column":40},"end":{"line":43,"column":1}},"4":{"start":{"line":42,"column":40},"end":{"line":42,"column":58}},"5":{"start":{"line":45,"column":0},"end":{"line":45,"column":66}},"6":{"start":{"line":47,"column":32},"end":{"line":58,"column":1}},"7":{"start":{"line":60,"column":28},"end":{"line":65,"column":1}},"8":{"start":{"line":67,"column":31},"end":{"line":70,"column":1}}},"fnMap":{"0":{"name":"(anonymous_0)","decl":{"start":{"line":4,"column":12},"end":{"line":4,"column":13}},"loc":{"start":{"line":4,"column":27},"end":{"line":4,"column":51}},"line":4},"1":{"name":"(anonymous_1)","decl":{"start":{"line":42,"column":22},"end":{"line":42,"column":23}},"loc":{"start":{"line":42,"column":40},"end":{"line":42,"column":58}},"line":42}},"branchMap":{"0":{"loc":{"start":{"line":4,"column":27},"end":{"line":4,"column":51}},"type":"cond-expr","locations":[{"start":{"line":4,"column":34},"end":{"line":4,"column":41}},{"start":{"line":4,"column":44},"end":{"line":4,"column":51}}],"line":4}},"s":{"0":0,"1":0,"2":0,"3":0,"4":0,"5":0,"6":0,"7":0,"8":0},"f":{"0":0,"1":0},"b":{"0":[0,0]},"hash":"08e43f79cb76870dd36c7ff7c41c5fbfa0547b5a"}
,"D:\\Web\\Web\\Udemy course\\Complete React developer\\e-commerce_shop\\client\\src\\components\\navbar\\navbar.jsx": {"path":"D:\\Web\\Web\\Udemy course\\Complete React developer\\e-commerce_shop\\client\\src\\components\\navbar\\navbar.jsx","statementMap":{"0":{"start":{"line":19,"column":15},"end":{"line":40,"column":1}},"1":{"start":{"line":20,"column":2},"end":{"line":39,"column":20}},"2":{"start":{"line":42,"column":24},"end":{"line":45,"column":2}},"3":{"start":{"line":46,"column":27},"end":{"line":48,"column":2}},"4":{"start":{"line":46,"column":42},"end":{"line":48,"column":1}},"5":{"start":{"line":47,"column":22},"end":{"line":47,"column":46}}},"fnMap":{"0":{"name":"(anonymous_0)","decl":{"start":{"line":19,"column":15},"end":{"line":19,"column":16}},"loc":{"start":{"line":20,"column":2},"end":{"line":39,"column":20}},"line":20},"1":{"name":"(anonymous_1)","decl":{"start":{"line":46,"column":27},"end":{"line":46,"column":28}},"loc":{"start":{"line":46,"column":42},"end":{"line":48,"column":1}},"line":46},"2":{"name":"(anonymous_2)","decl":{"start":{"line":47,"column":16},"end":{"line":47,"column":17}},"loc":{"start":{"line":47,"column":22},"end":{"line":47,"column":46}},"line":47}},"branchMap":{"0":{"loc":{"start":{"line":27,"column":7},"end":{"line":35,"column":7}},"type":"cond-expr","locations":[{"start":{"line":28,"column":8},"end":{"line":30,"column":14}},{"start":{"line":32,"column":8},"end":{"line":34,"column":21}}],"line":27},"1":{"loc":{"start":{"line":38,"column":5},"end":{"line":38,"column":37}},"type":"cond-expr","locations":[{"start":{"line":38,"column":14},"end":{"line":38,"column":18}},{"start":{"line":38,"column":21},"end":{"line":38,"column":37}}],"line":38}},"s":{"0":0,"1":0,"2":0,"3":0,"4":0,"5":0},"f":{"0":0,"1":0,"2":0},"b":{"0":[0,0],"1":[0,0]},"hash":"6bd605105f404c353c5e4c0af00ffc3e7ce9d225"}
,"D:\\Web\\Web\\Udemy course\\Complete React developer\\e-commerce_shop\\client\\src\\components\\navbar\\navbar.styles.js": {"path":"D:\\Web\\Web\\Udemy course\\Complete React developer\\e-commerce_shop\\client\\src\\components\\navbar\\navbar.styles.js","statementMap":{"0":{"start":{"line":4,"column":31},"end":{"line":15,"column":1}},"1":{"start":{"line":17,"column":29},"end":{"line":25,"column":1}},"2":{"start":{"line":27,"column":32},"end":{"line":36,"column":1}},"3":{"start":{"line":38,"column":26},"end":{"line":41,"column":1}}},"fnMap":{},"branchMap":{},"s":{"0":0,"1":0,"2":0,"3":0},"f":{},"b":{},"hash":"a4a85f55b2dfafdabc58b9b897ba16ab5c43d4dd"}
,"D:\\Web\\Web\\Udemy course\\Complete React developer\\e-commerce_shop\\client\\src\\components\\signin\\signin.jsx": {"path":"D:\\Web\\Web\\Udemy course\\Complete React developer\\e-commerce_shop\\client\\src\\components\\signin\\signin.jsx","statementMap":{"0":{"start":{"line":17,"column":15},"end":{"line":72,"column":1}},"1":{"start":{"line":18,"column":44},"end":{"line":21,"column":4}},"2":{"start":{"line":22,"column":30},"end":{"line":22,"column":45}},"3":{"start":{"line":24,"column":25},"end":{"line":27,"column":3}},"4":{"start":{"line":25,"column":4},"end":{"line":25,"column":27}},"5":{"start":{"line":26,"column":4},"end":{"line":26,"column":38}},"6":{"start":{"line":29,"column":25},"end":{"line":35,"column":3}},"7":{"start":{"line":30,"column":28},"end":{"line":30,"column":40}},"8":{"start":{"line":31,"column":4},"end":{"line":34,"column":7}},"9":{"start":{"line":37,"column":2},"end":{"line":71,"column":4}},"10":{"start":{"line":74,"column":27},"end":{"line":78,"column":2}},"11":{"start":{"line":74,"column":42},"end":{"line":78,"column":1}},"12":{"start":{"line":75,"column":27},"end":{"line":75,"column":56}},"13":{"start":{"line":77,"column":4},"end":{"line":77,"column":51}}},"fnMap":{"0":{"name":"(anonymous_0)","decl":{"start":{"line":17,"column":15},"end":{"line":17,"column":16}},"loc":{"start":{"line":17,"column":60},"end":{"line":72,"column":1}},"line":17},"1":{"name":"(anonymous_1)","decl":{"start":{"line":24,"column":25},"end":{"line":24,"column":26}},"loc":{"start":{"line":24,"column":42},"end":{"line":27,"column":3}},"line":24},"2":{"name":"(anonymous_2)","decl":{"start":{"line":29,"column":25},"end":{"line":29,"column":26}},"loc":{"start":{"line":29,"column":36},"end":{"line":35,"column":3}},"line":29},"3":{"name":"(anonymous_3)","decl":{"start":{"line":74,"column":27},"end":{"line":74,"column":28}},"loc":{"start":{"line":74,"column":42},"end":{"line":78,"column":1}},"line":74},"4":{"name":"(anonymous_4)","decl":{"start":{"line":75,"column":21},"end":{"line":75,"column":22}},"loc":{"start":{"line":75,"column":27},"end":{"line":75,"column":56}},"line":75},"5":{"name":"(anonymous_5)","decl":{"start":{"line":76,"column":20},"end":{"line":76,"column":21}},"loc":{"start":{"line":77,"column":4},"end":{"line":77,"column":51}},"line":77}},"branchMap":{},"s":{"0":0,"1":0,"2":0,"3":0,"4":0,"5":0,"6":0,"7":0,"8":0,"9":0,"10":0,"11":0,"12":0,"13":0},"f":{"0":0,"1":0,"2":0,"3":0,"4":0,"5":0},"b":{},"hash":"c924536ad698993320b893aed59cfa4c42303465"}
,"D:\\Web\\Web\\Udemy course\\Complete React developer\\e-commerce_shop\\client\\src\\components\\signin\\signin.styles.js": {"path":"D:\\Web\\Web\\Udemy course\\Complete React developer\\e-commerce_shop\\client\\src\\components\\signin\\signin.styles.js","statementMap":{"0":{"start":{"line":3,"column":31},"end":{"line":7,"column":1}},"1":{"start":{"line":8,"column":27},"end":{"line":10,"column":1}},"2":{"start":{"line":11,"column":35},"end":{"line":14,"column":1}}},"fnMap":{},"branchMap":{},"s":{"0":0,"1":0,"2":0},"f":{},"b":{},"hash":"6d675911237a75846cd8ab545e98cc06786c15ae"}
,"D:\\Web\\Web\\Udemy course\\Complete React developer\\e-commerce_shop\\client\\src\\components\\signup\\signup.jsx": {"path":"D:\\Web\\Web\\Udemy course\\Complete React developer\\e-commerce_shop\\client\\src\\components\\signup\\signup.jsx","statementMap":{"0":{"start":{"line":9,"column":15},"end":{"line":77,"column":1}},"1":{"start":{"line":10,"column":48},"end":{"line":15,"column":4}},"2":{"start":{"line":16,"column":60},"end":{"line":16,"column":75}},"3":{"start":{"line":18,"column":25},"end":{"line":26,"column":3}},"4":{"start":{"line":19,"column":4},"end":{"line":19,"column":27}},"5":{"start":{"line":21,"column":4},"end":{"line":24,"column":5}},"6":{"start":{"line":22,"column":6},"end":{"line":22,"column":42}},"7":{"start":{"line":23,"column":6},"end":{"line":23,"column":13}},"8":{"start":{"line":25,"column":4},"end":{"line":25,"column":50}},"9":{"start":{"line":28,"column":25},"end":{"line":34,"column":3}},"10":{"start":{"line":29,"column":28},"end":{"line":29,"column":40}},"11":{"start":{"line":30,"column":4},"end":{"line":33,"column":7}},"12":{"start":{"line":36,"column":2},"end":{"line":76,"column":4}},"13":{"start":{"line":78,"column":27},"end":{"line":80,"column":2}},"14":{"start":{"line":78,"column":42},"end":{"line":80,"column":1}},"15":{"start":{"line":79,"column":36},"end":{"line":79,"column":74}}},"fnMap":{"0":{"name":"(anonymous_0)","decl":{"start":{"line":9,"column":15},"end":{"line":9,"column":16}},"loc":{"start":{"line":9,"column":36},"end":{"line":77,"column":1}},"line":9},"1":{"name":"(anonymous_1)","decl":{"start":{"line":18,"column":25},"end":{"line":18,"column":26}},"loc":{"start":{"line":18,"column":42},"end":{"line":26,"column":3}},"line":18},"2":{"name":"(anonymous_2)","decl":{"start":{"line":28,"column":25},"end":{"line":28,"column":26}},"loc":{"start":{"line":28,"column":36},"end":{"line":34,"column":3}},"line":28},"3":{"name":"(anonymous_3)","decl":{"start":{"line":78,"column":27},"end":{"line":78,"column":28}},"loc":{"start":{"line":78,"column":42},"end":{"line":80,"column":1}},"line":78},"4":{"name":"(anonymous_4)","decl":{"start":{"line":79,"column":15},"end":{"line":79,"column":16}},"loc":{"start":{"line":79,"column":36},"end":{"line":79,"column":74}},"line":79}},"branchMap":{"0":{"loc":{"start":{"line":21,"column":4},"end":{"line":24,"column":5}},"type":"if","locations":[{"start":{"line":21,"column":4},"end":{"line":24,"column":5}},{"start":{"line":21,"column":4},"end":{"line":24,"column":5}}],"line":21}},"s":{"0":0,"1":0,"2":0,"3":0,"4":0,"5":0,"6":0,"7":0,"8":0,"9":0,"10":0,"11":0,"12":0,"13":0,"14":0,"15":0},"f":{"0":0,"1":0,"2":0,"3":0,"4":0},"b":{"0":[0,0]},"hash":"b0ac57b0ca22e219e4a8a3a27352940e50025d2e"}
,"D:\\Web\\Web\\Udemy course\\Complete React developer\\e-commerce_shop\\client\\src\\components\\signup\\signup.styles.js": {"path":"D:\\Web\\Web\\Udemy course\\Complete React developer\\e-commerce_shop\\client\\src\\components\\signup\\signup.styles.js","statementMap":{"0":{"start":{"line":3,"column":31},"end":{"line":7,"column":1}},"1":{"start":{"line":8,"column":27},"end":{"line":10,"column":1}}},"fnMap":{},"branchMap":{},"s":{"0":0,"1":0},"f":{},"b":{},"hash":"7e7cfec0463b3a6248874aaae6006e5524de08cb"}
,"D:\\Web\\Web\\Udemy course\\Complete React developer\\e-commerce_shop\\client\\src\\components\\stripe-button\\stripe-button.jsx": {"path":"D:\\Web\\Web\\Udemy course\\Complete React developer\\e-commerce_shop\\client\\src\\components\\stripe-button\\stripe-button.jsx","statementMap":{"0":{"start":{"line":5,"column":18},"end":{"line":42,"column":1}},"1":{"start":{"line":7,"column":2},"end":{"line":7,"column":111}},"2":{"start":{"line":8,"column":22},"end":{"line":8,"column":33}},"3":{"start":{"line":10,"column":18},"end":{"line":25,"column":3}},"4":{"start":{"line":11,"column":3},"end":{"line":23,"column":5}},"5":{"start":{"line":19,"column":5},"end":{"line":19,"column":33}},"6":{"start":{"line":21,"column":5},"end":{"line":21,"column":56}},"7":{"start":{"line":22,"column":5},"end":{"line":22,"column":101}},"8":{"start":{"line":27,"column":2},"end":{"line":41,"column":4}}},"fnMap":{"0":{"name":"(anonymous_0)","decl":{"start":{"line":5,"column":18},"end":{"line":5,"column":19}},"loc":{"start":{"line":5,"column":33},"end":{"line":42,"column":1}},"line":5},"1":{"name":"(anonymous_1)","decl":{"start":{"line":10,"column":18},"end":{"line":10,"column":19}},"loc":{"start":{"line":10,"column":29},"end":{"line":25,"column":3}},"line":10},"2":{"name":"(anonymous_2)","decl":{"start":{"line":18,"column":11},"end":{"line":18,"column":12}},"loc":{"start":{"line":18,"column":17},"end":{"line":20,"column":4}},"line":18},"3":{"name":"(anonymous_3)","decl":{"start":{"line":20,"column":12},"end":{"line":20,"column":13}},"loc":{"start":{"line":20,"column":21},"end":{"line":23,"column":4}},"line":20}},"branchMap":{},"s":{"0":0,"1":0,"2":0,"3":0,"4":0,"5":0,"6":0,"7":0,"8":0},"f":{"0":0,"1":0,"2":0,"3":0},"b":{},"hash":"8f9490754b7c786dbc13701a512408782a31db25"}
,"D:\\Web\\Web\\Udemy course\\Complete React developer\\e-commerce_shop\\client\\src\\components\\toTopButton\\toTopButton.jsx": {"path":"D:\\Web\\Web\\Udemy course\\Complete React developer\\e-commerce_shop\\client\\src\\components\\toTopButton\\toTopButton.jsx","statementMap":{"0":{"start":{"line":4,"column":27},"end":{"line":12,"column":1}},"1":{"start":{"line":5,"column":2},"end":{"line":11,"column":4}}},"fnMap":{"0":{"name":"(anonymous_0)","decl":{"start":{"line":4,"column":27},"end":{"line":4,"column":28}},"loc":{"start":{"line":5,"column":2},"end":{"line":11,"column":4}},"line":5}},"branchMap":{},"s":{"0":0,"1":0},"f":{"0":0},"b":{},"hash":"da6f5fdb073cd3eb2e9f6de8622866f9d5052bb5"}
,"D:\\Web\\Web\\Udemy course\\Complete React developer\\e-commerce_shop\\client\\src\\components\\with_loading_spinner\\with_loading_spinner.jsx": {"path":"D:\\Web\\Web\\Udemy course\\Complete React developer\\e-commerce_shop\\client\\src\\components\\with_loading_spinner\\with_loading_spinner.jsx","statementMap":{"0":{"start":{"line":5,"column":27},"end":{"line":16,"column":1}},"1":{"start":{"line":6,"column":18},"end":{"line":14,"column":3}},"2":{"start":{"line":7,"column":3},"end":{"line":13,"column":6}},"3":{"start":{"line":15,"column":2},"end":{"line":15,"column":17}}},"fnMap":{"0":{"name":"(anonymous_0)","decl":{"start":{"line":5,"column":27},"end":{"line":5,"column":28}},"loc":{"start":{"line":5,"column":49},"end":{"line":16,"column":1}},"line":5},"1":{"name":"(anonymous_1)","decl":{"start":{"line":6,"column":18},"end":{"line":6,"column":19}},"loc":{"start":{"line":6,"column":52},"end":{"line":14,"column":3}},"line":6}},"branchMap":{"0":{"loc":{"start":{"line":7,"column":10},"end":{"line":13,"column":5}},"type":"cond-expr","locations":[{"start":{"line":8,"column":6},"end":{"line":10,"column":23}},{"start":{"line":12,"column":6},"end":{"line":12,"column":42}}],"line":7}},"s":{"0":0,"1":0,"2":0,"3":0},"f":{"0":0,"1":0},"b":{"0":[0,0]},"hash":"f4e1ae27b46c33a221620dd541ee9d2def4f5122"}
,"D:\\Web\\Web\\Udemy course\\Complete React developer\\e-commerce_shop\\client\\src\\firebase\\firebase.utils.js": {"path":"D:\\Web\\Web\\Udemy course\\Complete React developer\\e-commerce_shop\\client\\src\\firebase\\firebase.utils.js","statementMap":{"0":{"start":{"line":5,"column":15},"end":{"line":14,"column":1}},"1":{"start":{"line":16,"column":0},"end":{"line":16,"column":31}},"2":{"start":{"line":18,"column":41},"end":{"line":41,"column":1}},"3":{"start":{"line":19,"column":2},"end":{"line":19,"column":24}},"4":{"start":{"line":19,"column":17},"end":{"line":19,"column":24}},"5":{"start":{"line":21,"column":18},"end":{"line":21,"column":56}},"6":{"start":{"line":23,"column":19},"end":{"line":23,"column":38}},"7":{"start":{"line":25,"column":2},"end":{"line":38,"column":3}},"8":{"start":{"line":26,"column":35},"end":{"line":26,"column":43}},"9":{"start":{"line":27,"column":22},"end":{"line":27,"column":32}},"10":{"start":{"line":28,"column":4},"end":{"line":37,"column":5}},"11":{"start":{"line":29,"column":6},"end":{"line":34,"column":9}},"12":{"start":{"line":36,"column":6},"end":{"line":36,"column":56}},"13":{"start":{"line":40,"column":2},"end":{"line":40,"column":17}},"14":{"start":{"line":43,"column":30},"end":{"line":54,"column":1}},"15":{"start":{"line":44,"column":19},"end":{"line":44,"column":78}},"16":{"start":{"line":45,"column":19},"end":{"line":45,"column":39}},"17":{"start":{"line":47,"column":2},"end":{"line":53,"column":3}},"18":{"start":{"line":48,"column":23},"end":{"line":48,"column":58}},"19":{"start":{"line":49,"column":4},"end":{"line":49,"column":52}},"20":{"start":{"line":50,"column":4},"end":{"line":50,"column":22}},"21":{"start":{"line":52,"column":4},"end":{"line":52,"column":32}},"22":{"start":{"line":56,"column":41},"end":{"line":69,"column":1}},"23":{"start":{"line":60,"column":24},"end":{"line":60,"column":59}},"24":{"start":{"line":62,"column":16},"end":{"line":62,"column":33}},"25":{"start":{"line":63,"column":2},"end":{"line":66,"column":5}},"26":{"start":{"line":64,"column":22},"end":{"line":64,"column":41}},"27":{"start":{"line":65,"column":4},"end":{"line":65,"column":30}},"28":{"start":{"line":68,"column":2},"end":{"line":68,"column":30}},"29":{"start":{"line":71,"column":47},"end":{"line":87,"column":1}},"30":{"start":{"line":72,"column":32},"end":{"line":81,"column":4}},"31":{"start":{"line":73,"column":29},"end":{"line":73,"column":39}},"32":{"start":{"line":75,"column":4},"end":{"line":80,"column":6}},"33":{"start":{"line":83,"column":2},"end":{"line":86,"column":9}},"34":{"start":{"line":84,"column":4},"end":{"line":84,"column":61}},"35":{"start":{"line":85,"column":4},"end":{"line":85,"column":23}},"36":{"start":{"line":89,"column":30},"end":{"line":96,"column":1}},"37":{"start":{"line":90,"column":2},"end":{"line":95,"column":5}},"38":{"start":{"line":91,"column":24},"end":{"line":94,"column":14}},"39":{"start":{"line":92,"column":6},"end":{"line":92,"column":20}},"40":{"start":{"line":93,"column":6},"end":{"line":93,"column":24}},"41":{"start":{"line":98,"column":20},"end":{"line":98,"column":35}},"42":{"start":{"line":99,"column":25},"end":{"line":99,"column":45}},"43":{"start":{"line":101,"column":30},"end":{"line":101,"column":68}},"44":{"start":{"line":102,"column":0},"end":{"line":102,"column":65}},"45":{"start":{"line":103,"column":32},"end":{"line":103,"column":74}},"46":{"start":{"line":103,"column":38},"end":{"line":103,"column":74}}},"fnMap":{"0":{"name":"(anonymous_0)","decl":{"start":{"line":18,"column":41},"end":{"line":18,"column":42}},"loc":{"start":{"line":18,"column":77},"end":{"line":41,"column":1}},"line":18},"1":{"name":"(anonymous_1)","decl":{"start":{"line":43,"column":30},"end":{"line":43,"column":31}},"loc":{"start":{"line":43,"column":48},"end":{"line":54,"column":1}},"line":43},"2":{"name":"(anonymous_2)","decl":{"start":{"line":56,"column":41},"end":{"line":56,"column":42}},"loc":{"start":{"line":59,"column":5},"end":{"line":69,"column":1}},"line":59},"3":{"name":"(anonymous_3)","decl":{"start":{"line":63,"column":23},"end":{"line":63,"column":24}},"loc":{"start":{"line":63,"column":32},"end":{"line":66,"column":3}},"line":63},"4":{"name":"(anonymous_4)","decl":{"start":{"line":71,"column":47},"end":{"line":71,"column":48}},"loc":{"start":{"line":71,"column":64},"end":{"line":87,"column":1}},"line":71},"5":{"name":"(anonymous_5)","decl":{"start":{"line":72,"column":53},"end":{"line":72,"column":54}},"loc":{"start":{"line":72,"column":62},"end":{"line":81,"column":3}},"line":72},"6":{"name":"(anonymous_6)","decl":{"start":{"line":83,"column":38},"end":{"line":83,"column":39}},"loc":{"start":{"line":83,"column":67},"end":{"line":86,"column":3}},"line":83},"7":{"name":"(anonymous_7)","decl":{"start":{"line":89,"column":30},"end":{"line":89,"column":31}},"loc":{"start":{"line":89,"column":36},"end":{"line":96,"column":1}},"line":89},"8":{"name":"(anonymous_8)","decl":{"start":{"line":90,"column":21},"end":{"line":90,"column":22}},"loc":{"start":{"line":90,"column":42},"end":{"line":95,"column":3}},"line":90},"9":{"name":"(anonymous_9)","decl":{"start":{"line":91,"column":48},"end":{"line":91,"column":49}},"loc":{"start":{"line":91,"column":62},"end":{"line":94,"column":5}},"line":91},"10":{"name":"(anonymous_10)","decl":{"start":{"line":103,"column":32},"end":{"line":103,"column":33}},"loc":{"start":{"line":103,"column":38},"end":{"line":103,"column":74}},"line":103}},"branchMap":{"0":{"loc":{"start":{"line":19,"column":2},"end":{"line":19,"column":24}},"type":"if","locations":[{"start":{"line":19,"column":2},"end":{"line":19,"column":24}},{"start":{"line":19,"column":2},"end":{"line":19,"column":24}}],"line":19},"1":{"loc":{"start":{"line":25,"column":2},"end":{"line":38,"column":3}},"type":"if","locations":[{"start":{"line":25,"column":2},"end":{"line":38,"column":3}},{"start":{"line":25,"column":2},"end":{"line":38,"column":3}}],"line":25},"2":{"loc":{"start":{"line":47,"column":2},"end":{"line":53,"column":3}},"type":"if","locations":[{"start":{"line":47,"column":2},"end":{"line":53,"column":3}},{"start":{"line":47,"column":2},"end":{"line":53,"column":3}}],"line":47}},"s":{"0":0,"1":0,"2":0,"3":0,"4":0,"5":0,"6":0,"7":0,"8":0,"9":0,"10":0,"11":0,"12":0,"13":0,"14":0,"15":0,"16":0,"17":0,"18":0,"19":0,"20":0,"21":0,"22":0,"23":0,"24":0,"25":0,"26":0,"27":0,"28":0,"29":0,"30":0,"31":0,"32":0,"33":0,"34":0,"35":0,"36":0,"37":0,"38":0,"39":0,"40":0,"41":0,"42":0,"43":0,"44":0,"45":0,"46":0},"f":{"0":0,"1":0,"2":0,"3":0,"4":0,"5":0,"6":0,"7":0,"8":0,"9":0,"10":0},"b":{"0":[0,0],"1":[0,0],"2":[0,0]},"hash":"b29b385f2e7e41cf0d49191d7a4e9646b8043b87"}
,"D:\\Web\\Web\\Udemy course\\Complete React developer\\e-commerce_shop\\client\\src\\pages\\category\\CollectionPage.jsx": {"path":"D:\\Web\\Web\\Udemy course\\Complete React developer\\e-commerce_shop\\client\\src\\pages\\category\\CollectionPage.jsx","statementMap":{"0":{"start":{"line":14,"column":23},"end":{"line":26,"column":1}},"1":{"start":{"line":15,"column":27},"end":{"line":15,"column":37}},"2":{"start":{"line":16,"column":2},"end":{"line":25,"column":4}},"3":{"start":{"line":21,"column":10},"end":{"line":21,"column":54}},"4":{"start":{"line":28,"column":24},"end":{"line":30,"column":2}},"5":{"start":{"line":28,"column":46},"end":{"line":30,"column":1}}},"fnMap":{"0":{"name":"(anonymous_0)","decl":{"start":{"line":14,"column":23},"end":{"line":14,"column":24}},"loc":{"start":{"line":14,"column":43},"end":{"line":26,"column":1}},"line":14},"1":{"name":"(anonymous_1)","decl":{"start":{"line":20,"column":19},"end":{"line":20,"column":20}},"loc":{"start":{"line":21,"column":10},"end":{"line":21,"column":54}},"line":21},"2":{"name":"(anonymous_2)","decl":{"start":{"line":28,"column":24},"end":{"line":28,"column":25}},"loc":{"start":{"line":28,"column":46},"end":{"line":30,"column":1}},"line":28}},"branchMap":{},"s":{"0":0,"1":0,"2":0,"3":0,"4":0,"5":0},"f":{"0":0,"1":0,"2":0},"b":{},"hash":"dfe6674543ac50614bba6b26de2ac29acae97fd8"}
,"D:\\Web\\Web\\Udemy course\\Complete React developer\\e-commerce_shop\\client\\src\\pages\\category\\CollectionPage.styles.js": {"path":"D:\\Web\\Web\\Udemy course\\Complete React developer\\e-commerce_shop\\client\\src\\pages\\category\\CollectionPage.styles.js","statementMap":{"0":{"start":{"line":3,"column":39},"end":{"line":7,"column":1}},"1":{"start":{"line":9,"column":31},"end":{"line":12,"column":1}},"2":{"start":{"line":14,"column":40},"end":{"line":25,"column":1}}},"fnMap":{},"branchMap":{},"s":{"0":0,"1":0,"2":0},"f":{},"b":{},"hash":"67b374b0a6acfb8e81db85174a6ebb8bb8dd21ef"}
,"D:\\Web\\Web\\Udemy course\\Complete React developer\\e-commerce_shop\\client\\src\\pages\\category\\category.container.js": {"path":"D:\\Web\\Web\\Udemy course\\Complete React developer\\e-commerce_shop\\client\\src\\pages\\category\\category.container.js","statementMap":{"0":{"start":{"line":9,"column":24},"end":{"line":11,"column":2}},"1":{"start":{"line":10,"column":24},"end":{"line":10,"column":57}},"2":{"start":{"line":13,"column":32},"end":{"line":16,"column":17}}},"fnMap":{"0":{"name":"(anonymous_0)","decl":{"start":{"line":10,"column":13},"end":{"line":10,"column":14}},"loc":{"start":{"line":10,"column":24},"end":{"line":10,"column":57}},"line":10}},"branchMap":{},"s":{"0":0,"1":0,"2":0},"f":{"0":0},"b":{},"hash":"def847efb15ed305dfceab81e734c3cff05e3b9f"}
,"D:\\Web\\Web\\Udemy course\\Complete React developer\\e-commerce_shop\\client\\src\\pages\\checkoutPage\\checkoutPage.jsx": {"path":"D:\\Web\\Web\\Udemy course\\Complete React developer\\e-commerce_shop\\client\\src\\pages\\checkoutPage\\checkoutPage.jsx","statementMap":{"0":{"start":{"line":20,"column":21},"end":{"line":50,"column":1}},"1":{"start":{"line":21,"column":2},"end":{"line":49,"column":26}},"2":{"start":{"line":40,"column":6},"end":{"line":40,"column":60}},"3":{"start":{"line":51,"column":24},"end":{"line":54,"column":2}}},"fnMap":{"0":{"name":"(anonymous_0)","decl":{"start":{"line":20,"column":21},"end":{"line":20,"column":22}},"loc":{"start":{"line":21,"column":2},"end":{"line":49,"column":26}},"line":21},"1":{"name":"(anonymous_1)","decl":{"start":{"line":39,"column":19},"end":{"line":39,"column":20}},"loc":{"start":{"line":40,"column":6},"end":{"line":40,"column":60}},"line":40}},"branchMap":{},"s":{"0":0,"1":0,"2":0,"3":0},"f":{"0":0,"1":0},"b":{},"hash":"2329fa3f9f4c2719b6c5661be1d28e673f26499d"}
,"D:\\Web\\Web\\Udemy course\\Complete React developer\\e-commerce_shop\\client\\src\\pages\\checkoutPage\\checkoutPage.styles.js": {"path":"D:\\Web\\Web\\Udemy course\\Complete React developer\\e-commerce_shop\\client\\src\\pages\\checkoutPage\\checkoutPage.styles.js","statementMap":{"0":{"start":{"line":3,"column":37},"end":{"line":17,"column":1}},"1":{"start":{"line":19,"column":39},"end":{"line":25,"column":1}},"2":{"start":{"line":27,"column":36},"end":{"line":39,"column":1}},"3":{"start":{"line":41,"column":30},"end":{"line":45,"column":1}},"4":{"start":{"line":47,"column":32},"end":{"line":52,"column":1}}},"fnMap":{},"branchMap":{},"s":{"0":0,"1":0,"2":0,"3":0,"4":0},"f":{},"b":{},"hash":"ae9c93de3039be475d96db0751c4a778ce9c36a0"}
,"D:\\Web\\Web\\Udemy course\\Complete React developer\\e-commerce_shop\\client\\src\\pages\\homepage\\homepage.jsx": {"path":"D:\\Web\\Web\\Udemy course\\Complete React developer\\e-commerce_shop\\client\\src\\pages\\homepage\\homepage.jsx","statementMap":{"0":{"start":{"line":6,"column":17},"end":{"line":12,"column":1}},"1":{"start":{"line":7,"column":2},"end":{"line":11,"column":4}}},"fnMap":{"0":{"name":"(anonymous_0)","decl":{"start":{"line":6,"column":17},"end":{"line":6,"column":18}},"loc":{"start":{"line":6,"column":23},"end":{"line":12,"column":1}},"line":6}},"branchMap":{},"s":{"0":0,"1":0},"f":{"0":0},"b":{},"hash":"5a4c6e654bb5f11be67ef7f58ee6dce66ecddc29"}
,"D:\\Web\\Web\\Udemy course\\Complete React developer\\e-commerce_shop\\client\\src\\pages\\homepage\\homepage.styles.js": {"path":"D:\\Web\\Web\\Udemy course\\Complete React developer\\e-commerce_shop\\client\\src\\pages\\homepage\\homepage.styles.js","statementMap":{"0":{"start":{"line":3,"column":33},"end":{"line":7,"column":1}}},"fnMap":{},"branchMap":{},"s":{"0":0},"f":{},"b":{},"hash":"14699f8c89426e28d1ba5ed5e4c5c3ab1a617a0d"}
,"D:\\Web\\Web\\Udemy course\\Complete React developer\\e-commerce_shop\\client\\src\\pages\\shop\\shop.jsx": {"path":"D:\\Web\\Web\\Udemy course\\Complete React developer\\e-commerce_shop\\client\\src\\pages\\shop\\shop.jsx","statementMap":{"0":{"start":{"line":9,"column":37},"end":{"line":11,"column":1}},"1":{"start":{"line":10,"column":2},"end":{"line":10,"column":78}},"2":{"start":{"line":12,"column":32},"end":{"line":14,"column":1}},"3":{"start":{"line":13,"column":2},"end":{"line":13,"column":42}},"4":{"start":{"line":16,"column":17},"end":{"line":35,"column":1}},"5":{"start":{"line":17,"column":2},"end":{"line":19,"column":30}},"6":{"start":{"line":18,"column":4},"end":{"line":18,"column":28}},"7":{"start":{"line":20,"column":2},"end":{"line":34,"column":4}},"8":{"start":{"line":37,"column":27},"end":{"line":39,"column":2}},"9":{"start":{"line":37,"column":42},"end":{"line":39,"column":1}},"10":{"start":{"line":38,"column":31},"end":{"line":38,"column":64}}},"fnMap":{"0":{"name":"(anonymous_0)","decl":{"start":{"line":9,"column":42},"end":{"line":9,"column":43}},"loc":{"start":{"line":10,"column":2},"end":{"line":10,"column":78}},"line":10},"1":{"name":"(anonymous_1)","decl":{"start":{"line":12,"column":37},"end":{"line":12,"column":38}},"loc":{"start":{"line":13,"column":2},"end":{"line":13,"column":42}},"line":13},"2":{"name":"(anonymous_2)","decl":{"start":{"line":16,"column":17},"end":{"line":16,"column":18}},"loc":{"start":{"line":16,"column":55},"end":{"line":35,"column":1}},"line":16},"3":{"name":"(anonymous_3)","decl":{"start":{"line":17,"column":12},"end":{"line":17,"column":13}},"loc":{"start":{"line":17,"column":18},"end":{"line":19,"column":3}},"line":17},"4":{"name":"(anonymous_4)","decl":{"start":{"line":37,"column":27},"end":{"line":37,"column":28}},"loc":{"start":{"line":37,"column":42},"end":{"line":39,"column":1}},"line":37},"5":{"name":"(anonymous_5)","decl":{"start":{"line":38,"column":25},"end":{"line":38,"column":26}},"loc":{"start":{"line":38,"column":31},"end":{"line":38,"column":64}},"line":38}},"branchMap":{},"s":{"0":0,"1":0,"2":0,"3":0,"4":0,"5":0,"6":0,"7":0,"8":0,"9":0,"10":0},"f":{"0":0,"1":0,"2":0,"3":0,"4":0,"5":0},"b":{},"hash":"ea6c146d9c0ef3d503c74775c9c4ecab3aa2ee08"}
,"D:\\Web\\Web\\Udemy course\\Complete React developer\\e-commerce_shop\\client\\src\\pages\\signinRegisterPage\\signInRegisterPage.jsx": {"path":"D:\\Web\\Web\\Udemy course\\Complete React developer\\e-commerce_shop\\client\\src\\pages\\signinRegisterPage\\signInRegisterPage.jsx","statementMap":{"0":{"start":{"line":8,"column":27},"end":{"line":13,"column":1}},"1":{"start":{"line":9,"column":2},"end":{"line":12,"column":29}}},"fnMap":{"0":{"name":"(anonymous_0)","decl":{"start":{"line":8,"column":27},"end":{"line":8,"column":28}},"loc":{"start":{"line":9,"column":2},"end":{"line":12,"column":29}},"line":9}},"branchMap":{},"s":{"0":0,"1":0},"f":{"0":0},"b":{},"hash":"038dde061526aeda7d3a3d682cc5409c328c3676"}
,"D:\\Web\\Web\\Udemy course\\Complete React developer\\e-commerce_shop\\client\\src\\pages\\signinRegisterPage\\signInRegisterPage.styles.js": {"path":"D:\\Web\\Web\\Udemy course\\Complete React developer\\e-commerce_shop\\client\\src\\pages\\signinRegisterPage\\signInRegisterPage.styles.js","statementMap":{"0":{"start":{"line":3,"column":40},"end":{"line":16,"column":1}}},"fnMap":{},"branchMap":{},"s":{"0":0},"f":{},"b":{},"hash":"c19aa00d06255cdbc1031fa78403560b75fa10f6"}
,"D:\\Web\\Web\\Udemy course\\Complete React developer\\e-commerce_shop\\client\\src\\redux\\reducer.js": {"path":"D:\\Web\\Web\\Udemy course\\Complete React developer\\e-commerce_shop\\client\\src\\redux\\reducer.js","statementMap":{"0":{"start":{"line":10,"column":22},"end":{"line":15,"column":1}},"1":{"start":{"line":17,"column":20},"end":{"line":22,"column":2}}},"fnMap":{},"branchMap":{},"s":{"0":0,"1":0},"f":{},"b":{},"hash":"58a4581498dcf37756d0145da12c83008208f562"}
,"D:\\Web\\Web\\Udemy course\\Complete React developer\\e-commerce_shop\\client\\src\\redux\\root-sagas.js": {"path":"D:\\Web\\Web\\Udemy course\\Complete React developer\\e-commerce_shop\\client\\src\\redux\\root-sagas.js","statementMap":{"0":{"start":{"line":8,"column":2},"end":{"line":8,"column":65}}},"fnMap":{"0":{"name":"rootSaga","decl":{"start":{"line":7,"column":25},"end":{"line":7,"column":33}},"loc":{"start":{"line":7,"column":36},"end":{"line":9,"column":1}},"line":7}},"branchMap":{},"s":{"0":0},"f":{"0":0},"b":{},"hash":"a076de98b42a6c013060d7b5626091fa17b3d2fc"}
,"D:\\Web\\Web\\Udemy course\\Complete React developer\\e-commerce_shop\\client\\src\\redux\\store.js": {"path":"D:\\Web\\Web\\Udemy course\\Complete React developer\\e-commerce_shop\\client\\src\\redux\\store.js","statementMap":{"0":{"start":{"line":9,"column":23},"end":{"line":9,"column":45}},"1":{"start":{"line":11,"column":20},"end":{"line":11,"column":36}},"2":{"start":{"line":13,"column":0},"end":{"line":15,"column":1}},"3":{"start":{"line":14,"column":2},"end":{"line":14,"column":27}},"4":{"start":{"line":17,"column":21},"end":{"line":17,"column":78}},"5":{"start":{"line":19,"column":0},"end":{"line":19,"column":29}},"6":{"start":{"line":21,"column":25},"end":{"line":21,"column":44}}},"fnMap":{},"branchMap":{"0":{"loc":{"start":{"line":13,"column":0},"end":{"line":15,"column":1}},"type":"if","locations":[{"start":{"line":13,"column":0},"end":{"line":15,"column":1}},{"start":{"line":13,"column":0},"end":{"line":15,"column":1}}],"line":13}},"s":{"0":0,"1":0,"2":0,"3":0,"4":0,"5":0,"6":0},"f":{},"b":{"0":[0,0]},"hash":"fc921ac1c0571981ebdb3eb0172c2be7da0f6544"}
,"D:\\Web\\Web\\Udemy course\\Complete React developer\\e-commerce_shop\\client\\src\\redux\\cart\\cart-action.js": {"path":"D:\\Web\\Web\\Udemy course\\Complete React developer\\e-commerce_shop\\client\\src\\redux\\cart\\cart-action.js","statementMap":{"0":{"start":{"line":3,"column":29},"end":{"line":5,"column":2}},"1":{"start":{"line":3,"column":36},"end":{"line":5,"column":1}},"2":{"start":{"line":7,"column":23},"end":{"line":10,"column":2}},"3":{"start":{"line":7,"column":34},"end":{"line":10,"column":1}},"4":{"start":{"line":12,"column":35},"end":{"line":15,"column":2}},"5":{"start":{"line":12,"column":46},"end":{"line":15,"column":1}},"6":{"start":{"line":17,"column":36},"end":{"line":20,"column":2}},"7":{"start":{"line":17,"column":47},"end":{"line":20,"column":1}},"8":{"start":{"line":21,"column":25},"end":{"line":23,"column":2}},"9":{"start":{"line":21,"column":32},"end":{"line":23,"column":1}},"10":{"start":{"line":24,"column":36},"end":{"line":26,"column":2}},"11":{"start":{"line":24,"column":43},"end":{"line":26,"column":1}},"12":{"start":{"line":28,"column":35},"end":{"line":31,"column":2}},"13":{"start":{"line":28,"column":51},"end":{"line":31,"column":1}}},"fnMap":{"0":{"name":"(anonymous_0)","decl":{"start":{"line":3,"column":29},"end":{"line":3,"column":30}},"loc":{"start":{"line":3,"column":36},"end":{"line":5,"column":1}},"line":3},"1":{"name":"(anonymous_1)","decl":{"start":{"line":7,"column":23},"end":{"line":7,"column":24}},"loc":{"start":{"line":7,"column":34},"end":{"line":10,"column":1}},"line":7},"2":{"name":"(anonymous_2)","decl":{"start":{"line":12,"column":35},"end":{"line":12,"column":36}},"loc":{"start":{"line":12,"column":46},"end":{"line":15,"column":1}},"line":12},"3":{"name":"(anonymous_3)","decl":{"start":{"line":17,"column":36},"end":{"line":17,"column":37}},"loc":{"start":{"line":17,"column":47},"end":{"line":20,"column":1}},"line":17},"4":{"name":"(anonymous_4)","decl":{"start":{"line":21,"column":25},"end":{"line":21,"column":26}},"loc":{"start":{"line":21,"column":32},"end":{"line":23,"column":1}},"line":21},"5":{"name":"(anonymous_5)","decl":{"start":{"line":24,"column":36},"end":{"line":24,"column":37}},"loc":{"start":{"line":24,"column":43},"end":{"line":26,"column":1}},"line":24},"6":{"name":"(anonymous_6)","decl":{"start":{"line":28,"column":35},"end":{"line":28,"column":36}},"loc":{"start":{"line":28,"column":51},"end":{"line":31,"column":1}},"line":28}},"branchMap":{},"s":{"0":1,"1":0,"2":1,"3":0,"4":1,"5":0,"6":1,"7":0,"8":1,"9":0,"10":1,"11":0,"12":1,"13":0},"f":{"0":0,"1":0,"2":0,"3":0,"4":0,"5":0,"6":0},"b":{},"_coverageSchema":"43e27e138ebf9cfc5966b082cf9a028302ed4184","hash":"280783a17bf1060d7afb7a03465eb1daece23135"}
,"D:\\Web\\Web\\Udemy course\\Complete React developer\\e-commerce_shop\\client\\src\\redux\\cart\\cart-constants.js": {"path":"D:\\Web\\Web\\Udemy course\\Complete React developer\\e-commerce_shop\\client\\src\\redux\\cart\\cart-constants.js","statementMap":{"0":{"start":{"line":1,"column":27},"end":{"line":9,"column":1}}},"fnMap":{},"branchMap":{},"s":{"0":1},"f":{},"b":{},"_coverageSchema":"43e27e138ebf9cfc5966b082cf9a028302ed4184","hash":"bb70e8e10c246c5034d7b8833ae147f93fa1909e"}
,"D:\\Web\\Web\\Udemy course\\Complete React developer\\e-commerce_shop\\client\\src\\redux\\cart\\cart-reducer.js": {"path":"D:\\Web\\Web\\Udemy course\\Complete React developer\\e-commerce_shop\\client\\src\\redux\\cart\\cart-reducer.js","statementMap":{"0":{"start":{"line":4,"column":22},"end":{"line":7,"column":1}},"1":{"start":{"line":9,"column":20},"end":{"line":46,"column":1}},"2":{"start":{"line":10,"column":2},"end":{"line":45,"column":3}},"3":{"start":{"line":12,"column":6},"end":{"line":15,"column":8}},"4":{"start":{"line":17,"column":6},"end":{"line":20,"column":8}},"5":{"start":{"line":22,"column":6},"end":{"line":25,"column":8}},"6":{"start":{"line":27,"column":6},"end":{"line":32,"column":8}},"7":{"start":{"line":30,"column":24},"end":{"line":30,"column":57}},"8":{"start":{"line":34,"column":6},"end":{"line":37,"column":8}},"9":{"start":{"line":39,"column":6},"end":{"line":42,"column":8}},"10":{"start":{"line":44,"column":6},"end":{"line":44,"column":19}}},"fnMap":{"0":{"name":"(anonymous_0)","decl":{"start":{"line":9,"column":20},"end":{"line":9,"column":21}},"loc":{"start":{"line":9,"column":55},"end":{"line":46,"column":1}},"line":9},"1":{"name":"(anonymous_1)","decl":{"start":{"line":30,"column":10},"end":{"line":30,"column":11}},"loc":{"start":{"line":30,"column":24},"end":{"line":30,"column":57}},"line":30}},"branchMap":{"0":{"loc":{"start":{"line":9,"column":21},"end":{"line":9,"column":42}},"type":"default-arg","locations":[{"start":{"line":9,"column":29},"end":{"line":9,"column":42}}],"line":9},"1":{"loc":{"start":{"line":10,"column":2},"end":{"line":45,"column":3}},"type":"switch","locations":[{"start":{"line":11,"column":4},"end":{"line":15,"column":8}},{"start":{"line":16,"column":4},"end":{"line":20,"column":8}},{"start":{"line":21,"column":4},"end":{"line":25,"column":8}},{"start":{"line":26,"column":4},"end":{"line":32,"column":8}},{"start":{"line":33,"column":4},"end":{"line":37,"column":8}},{"start":{"line":38,"column":6},"end":{"line":42,"column":8}},{"start":{"line":43,"column":4},"end":{"line":44,"column":19}}],"line":10}},"s":{"0":0,"1":0,"2":0,"3":0,"4":0,"5":0,"6":0,"7":0,"8":0,"9":0,"10":0},"f":{"0":0,"1":0},"b":{"0":[0],"1":[0,0,0,0,0,0,0]},"hash":"d3f4fee1d1c40121433488415f73b9a09645cfcb"}
[...]
,"D:\\Web\\Web\\Udemy course\\Complete React developer\\e-commerce_shop\\client\\src\\redux\\shopPage\\shopPage-constants.js": {"path":"D:\\Web\\Web\\Udemy course\\Complete React developer\\e-commerce_shop\\client\\src\\redux\\shopPage\\shopPage-constants.js","statementMap":{"0":{"start":{"line":1,"column":24},"end":{"line":5,"column":1}}},"fnMap":{},"branchMap":{},"s":{"0":0},"f":{},"b":{},"hash":"95d0cc9703b422e22450044161e979d9c74c1f64"}
,"D:\\Web\\Web\\Udemy course\\Complete React developer\\e-commerce_shop\\client\\src\\redux\\shopPage\\shopPage-reducer.js": {"path":"D:\\Web\\Web\\Udemy course\\Complete React developer\\e-commerce_shop\\client\\src\\redux\\shopPage\\shopPage-reducer.js","statementMap":{"0":{"start":{"line":3,"column":22},"end":{"line":7,"column":1}},"1":{"start":{"line":9,"column":20},"end":{"line":31,"column":1}},"2":{"start":{"line":10,"column":2},"end":{"line":30,"column":3}},"3":{"start":{"line":12,"column":6},"end":{"line":15,"column":8}},"4":{"start":{"line":17,"column":6},"end":{"line":21,"column":8}},"5":{"start":{"line":23,"column":6},"end":{"line":27,"column":8}},"6":{"start":{"line":29,"column":6},"end":{"line":29,"column":19}}},"fnMap":{"0":{"name":"(anonymous_0)","decl":{"start":{"line":9,"column":20},"end":{"line":9,"column":21}},"loc":{"start":{"line":9,"column":55},"end":{"line":31,"column":1}},"line":9}},"branchMap":{"0":{"loc":{"start":{"line":9,"column":21},"end":{"line":9,"column":42}},"type":"default-arg","locations":[{"start":{"line":9,"column":29},"end":{"line":9,"column":42}}],"line":9},"1":{"loc":{"start":{"line":10,"column":2},"end":{"line":30,"column":3}},"type":"switch","locations":[{"start":{"line":11,"column":4},"end":{"line":15,"column":8}},{"start":{"line":16,"column":4},"end":{"line":21,"column":8}},{"start":{"line":22,"column":4},"end":{"line":27,"column":8}},{"start":{"line":28,"column":4},"end":{"line":29,"column":19}}],"line":10}},"s":{"0":0,"1":0,"2":0,"3":0,"4":0,"5":0,"6":0},"f":{"0":0},"b":{"0":[0],"1":[0,0,0,0]},"hash":"c5073ce7f54ed6e17ac03e10d39ccd0bccd53d61"}
,"D:\\Web\\Web\\Udemy course\\Complete React developer\\e-commerce_shop\\client\\src\\redux\\shopPage\\shopPage-selector.js": {"path":"D:\\Web\\Web\\Udemy course\\Complete React developer\\e-commerce_shop\\client\\src\\redux\\shopPage\\shopPage-selector.js","statementMap":{"0":{"start":{"line":3,"column":19},"end":{"line":3,"column":40}},"1":{"start":{"line":3,"column":30},"end":{"line":3,"column":40}},"2":{"start":{"line":5,"column":33},"end":{"line":8,"column":1}},"3":{"start":{"line":7,"column":12},"end":{"line":7,"column":28}},"4":{"start":{"line":10,"column":43},"end":{"line":14,"column":1}},"5":{"start":{"line":13,"column":4},"end":{"line":13,"column":78}},"6":{"start":{"line":13,"column":56},"end":{"line":13,"column":72}},"7":{"start":{"line":16,"column":32},"end":{"line":19,"column":3}},"8":{"start":{"line":17,"column":2},"end":{"line":19,"column":3}},"9":{"start":{"line":18,"column":4},"end":{"line":18,"column":56}},"10":{"start":{"line":21,"column":42},"end":{"line":24,"column":1}},"11":{"start":{"line":23,"column":12},"end":{"line":23,"column":27}},"12":{"start":{"line":26,"column":41},"end":{"line":29,"column":1}},"13":{"start":{"line":28,"column":12},"end":{"line":28,"column":30}}},"fnMap":{"0":{"name":"(anonymous_0)","decl":{"start":{"line":3,"column":19},"end":{"line":3,"column":20}},"loc":{"start":{"line":3,"column":30},"end":{"line":3,"column":40}},"line":3},"1":{"name":"(anonymous_1)","decl":{"start":{"line":7,"column":2},"end":{"line":7,"column":3}},"loc":{"start":{"line":7,"column":12},"end":{"line":7,"column":28}},"line":7},"2":{"name":"(anonymous_2)","decl":{"start":{"line":12,"column":2},"end":{"line":12,"column":3}},"loc":{"start":{"line":13,"column":4},"end":{"line":13,"column":78}},"line":13},"3":{"name":"(anonymous_3)","decl":{"start":{"line":13,"column":47},"end":{"line":13,"column":48}},"loc":{"start":{"line":13,"column":56},"end":{"line":13,"column":72}},"line":13},"4":{"name":"(anonymous_4)","decl":{"start":{"line":16,"column":32},"end":{"line":16,"column":33}},"loc":{"start":{"line":17,"column":2},"end":{"line":19,"column":3}},"line":17},"5":{"name":"(anonymous_5)","decl":{"start":{"line":17,"column":38},"end":{"line":17,"column":39}},"loc":{"start":{"line":18,"column":4},"end":{"line":18,"column":56}},"line":18},"6":{"name":"(anonymous_6)","decl":{"start":{"line":23,"column":2},"end":{"line":23,"column":3}},"loc":{"start":{"line":23,"column":12},"end":{"line":23,"column":27}},"line":23},"7":{"name":"(anonymous_7)","decl":{"start":{"line":28,"column":2},"end":{"line":28,"column":3}},"loc":{"start":{"line":28,"column":12},"end":{"line":28,"column":30}},"line":28}},"branchMap":{"0":{"loc":{"start":{"line":13,"column":4},"end":{"line":13,"column":78}},"type":"cond-expr","locations":[{"start":{"line":13,"column":18},"end":{"line":13,"column":73}},{"start":{"line":13,"column":76},"end":{"line":13,"column":78}}],"line":13},"1":{"loc":{"start":{"line":18,"column":4},"end":{"line":18,"column":56}},"type":"cond-expr","locations":[{"start":{"line":18,"column":18},"end":{"line":18,"column":49}},{"start":{"line":18,"column":52},"end":{"line":18,"column":56}}],"line":18}},"s":{"0":0,"1":0,"2":0,"3":0,"4":0,"5":0,"6":0,"7":0,"8":0,"9":0,"10":0,"11":0,"12":0,"13":0},"f":{"0":0,"1":0,"2":0,"3":0,"4":0,"5":0,"6":0,"7":0},"b":{"0":[0,0],"1":[0,0]},"hash":"5cfe520d9a34b4072eef357a863cb271f194fe12"}
,"D:\\Web\\Web\\Udemy course\\Complete React developer\\e-commerce_shop\\client\\src\\redux\\shopPage\\shopPage.sagas.js": {"path":"D:\\Web\\Web\\Udemy course\\Complete React developer\\e-commerce_shop\\client\\src\\redux\\shopPage\\shopPage.sagas.js","statementMap":{"0":{"start":{"line":16,"column":2},"end":{"line":26,"column":3}},"1":{"start":{"line":17,"column":26},"end":{"line":17,"column":61}},"2":{"start":{"line":18,"column":21},"end":{"line":18,"column":46}},"3":{"start":{"line":19,"column":27},"end":{"line":22,"column":5}},"4":{"start":{"line":23,"column":4},"end":{"line":23,"column":55}},"5":{"start":{"line":25,"column":4},"end":{"line":25,"column":54}},"6":{"start":{"line":30,"column":2},"end":{"line":30,"column":78}},"7":{"start":{"line":34,"column":2},"end":{"line":34,"column":47}}},"fnMap":{"0":{"name":"fetchCollections","decl":{"start":{"line":15,"column":17},"end":{"line":15,"column":33}},"loc":{"start":{"line":15,"column":36},"end":{"line":27,"column":1}},"line":15},"1":{"name":"onFetchCollectionsStart","decl":{"start":{"line":29,"column":17},"end":{"line":29,"column":40}},"loc":{"start":{"line":29,"column":43},"end":{"line":31,"column":1}},"line":29},"2":{"name":"shopSagas","decl":{"start":{"line":33,"column":17},"end":{"line":33,"column":26}},"loc":{"start":{"line":33,"column":28},"end":{"line":35,"column":1}},"line":33}},"branchMap":{},"s":{"0":0,"1":0,"2":0,"3":0,"4":0,"5":0,"6":0,"7":0},"f":{"0":0,"1":0,"2":0},"b":{},"hash":"009a1a56936e5586864151ae03ea0c335c354598"}
,"D:\\Web\\Web\\Udemy course\\Complete React developer\\e-commerce_shop\\client\\src\\redux\\user\\user-action.js": {"path":"D:\\Web\\Web\\Udemy course\\Complete React developer\\e-commerce_shop\\client\\src\\redux\\user\\user-action.js","statementMap":{"0":{"start":{"line":3,"column":33},"end":{"line":5,"column":2}},"1":{"start":{"line":3,"column":40},"end":{"line":5,"column":1}},"2":{"start":{"line":6,"column":32},"end":{"line":9,"column":2}},"3":{"start":{"line":6,"column":55},"end":{"line":9,"column":1}},"4":{"start":{"line":11,"column":29},"end":{"line":14,"column":2}},"5":{"start":{"line":11,"column":40},"end":{"line":14,"column":1}},"6":{"start":{"line":15,"column":29},"end":{"line":18,"column":2}},"7":{"start":{"line":15,"column":41},"end":{"line":18,"column":1}},"8":{"start":{"line":19,"column":32},"end":{"line":21,"column":2}},"9":{"start":{"line":19,"column":39},"end":{"line":21,"column":1}},"10":{"start":{"line":22,"column":28},"end":{"line":24,"column":2}},"11":{"start":{"line":22,"column":35},"end":{"line":24,"column":1}},"12":{"start":{"line":25,"column":30},"end":{"line":27,"column":2}},"13":{"start":{"line":25,"column":37},"end":{"line":27,"column":1}},"14":{"start":{"line":28,"column":30},"end":{"line":31,"column":2}},"15":{"start":{"line":28,"column":42},"end":{"line":31,"column":1}},"16":{"start":{"line":32,"column":27},"end":{"line":35,"column":2}},"17":{"start":{"line":32,"column":49},"end":{"line":35,"column":1}},"18":{"start":{"line":36,"column":29},"end":{"line":39,"column":2}},"19":{"start":{"line":36,"column":60},"end":{"line":39,"column":1}},"20":{"start":{"line":40,"column":29},"end":{"line":43,"column":2}},"21":{"start":{"line":40,"column":41},"end":{"line":43,"column":1}}},"fnMap":{"0":{"name":"(anonymous_0)","decl":{"start":{"line":3,"column":33},"end":{"line":3,"column":34}},"loc":{"start":{"line":3,"column":40},"end":{"line":5,"column":1}},"line":3},"1":{"name":"(anonymous_1)","decl":{"start":{"line":6,"column":32},"end":{"line":6,"column":33}},"loc":{"start":{"line":6,"column":55},"end":{"line":9,"column":1}},"line":6},"2":{"name":"(anonymous_2)","decl":{"start":{"line":11,"column":29},"end":{"line":11,"column":30}},"loc":{"start":{"line":11,"column":40},"end":{"line":14,"column":1}},"line":11},"3":{"name":"(anonymous_3)","decl":{"start":{"line":15,"column":29},"end":{"line":15,"column":30}},"loc":{"start":{"line":15,"column":41},"end":{"line":18,"column":1}},"line":15},"4":{"name":"(anonymous_4)","decl":{"start":{"line":19,"column":32},"end":{"line":19,"column":33}},"loc":{"start":{"line":19,"column":39},"end":{"line":21,"column":1}},"line":19},"5":{"name":"(anonymous_5)","decl":{"start":{"line":22,"column":28},"end":{"line":22,"column":29}},"loc":{"start":{"line":22,"column":35},"end":{"line":24,"column":1}},"line":22},"6":{"name":"(anonymous_6)","decl":{"start":{"line":25,"column":30},"end":{"line":25,"column":31}},"loc":{"start":{"line":25,"column":37},"end":{"line":27,"column":1}},"line":25},"7":{"name":"(anonymous_7)","decl":{"start":{"line":28,"column":30},"end":{"line":28,"column":31}},"loc":{"start":{"line":28,"column":42},"end":{"line":31,"column":1}},"line":28},"8":{"name":"(anonymous_8)","decl":{"start":{"line":32,"column":27},"end":{"line":32,"column":28}},"loc":{"start":{"line":32,"column":49},"end":{"line":35,"column":1}},"line":32},"9":{"name":"(anonymous_9)","decl":{"start":{"line":36,"column":29},"end":{"line":36,"column":30}},"loc":{"start":{"line":36,"column":60},"end":{"line":39,"column":1}},"line":36},"10":{"name":"(anonymous_10)","decl":{"start":{"line":40,"column":29},"end":{"line":40,"column":30}},"loc":{"start":{"line":40,"column":41},"end":{"line":43,"column":1}},"line":40}},"branchMap":{},"s":{"0":0,"1":0,"2":0,"3":0,"4":0,"5":0,"6":0,"7":0,"8":0,"9":0,"10":0,"11":0,"12":0,"13":0,"14":0,"15":0,"16":0,"17":0,"18":0,"19":0,"20":0,"21":0},"f":{"0":0,"1":0,"2":0,"3":0,"4":0,"5":0,"6":0,"7":0,"8":0,"9":0,"10":0},"b":{},"hash":"c9d72380730c5ce7c94f888d72c913cf4bde90c9"}
,"D:\\Web\\Web\\Udemy course\\Complete React developer\\e-commerce_shop\\client\\src\\redux\\user\\user-constants.js": {"path":"D:\\Web\\Web\\Udemy course\\Complete React developer\\e-commerce_shop\\client\\src\\redux\\user\\user-constants.js","statementMap":{"0":{"start":{"line":1,"column":20},"end":{"line":14,"column":1}}},"fnMap":{},"branchMap":{},"s":{"0":0},"f":{},"b":{},"hash":"55c29910b5ad2d69b4f398552139423849f648a1"}
,"D:\\Web\\Web\\Udemy course\\Complete React developer\\e-commerce_shop\\client\\src\\redux\\user\\user-reducer.js": {"path":"D:\\Web\\Web\\Udemy course\\Complete React developer\\e-commerce_shop\\client\\src\\redux\\user\\user-reducer.js","statementMap":{"0":{"start":{"line":3,"column":22},"end":{"line":6,"column":1}},"1":{"start":{"line":8,"column":20},"end":{"line":33,"column":1}},"2":{"start":{"line":9,"column":2},"end":{"line":32,"column":3}},"3":{"start":{"line":11,"column":6},"end":{"line":15,"column":8}},"4":{"start":{"line":17,"column":6},"end":{"line":21,"column":8}},"5":{"start":{"line":25,"column":6},"end":{"line":29,"column":8}},"6":{"start":{"line":31,"column":6},"end":{"line":31,"column":19}}},"fnMap":{"0":{"name":"(anonymous_0)","decl":{"start":{"line":8,"column":20},"end":{"line":8,"column":21}},"loc":{"start":{"line":8,"column":55},"end":{"line":33,"column":1}},"line":8}},"branchMap":{"0":{"loc":{"start":{"line":8,"column":21},"end":{"line":8,"column":42}},"type":"default-arg","locations":[{"start":{"line":8,"column":29},"end":{"line":8,"column":42}}],"line":8},"1":{"loc":{"start":{"line":9,"column":2},"end":{"line":32,"column":3}},"type":"switch","locations":[{"start":{"line":10,"column":4},"end":{"line":15,"column":8}},{"start":{"line":16,"column":4},"end":{"line":21,"column":8}},{"start":{"line":22,"column":4},"end":{"line":22,"column":37}},{"start":{"line":23,"column":4},"end":{"line":23,"column":38}},{"start":{"line":24,"column":4},"end":{"line":29,"column":8}},{"start":{"line":30,"column":4},"end":{"line":31,"column":19}}],"line":9}},"s":{"0":0,"1":0,"2":0,"3":0,"4":0,"5":0,"6":0},"f":{"0":0},"b":{"0":[0],"1":[0,0,0,0,0,0]},"hash":"106aa892d8a1a271e15b96470dccc72750f2e000"}
,"D:\\Web\\Web\\Udemy course\\Complete React developer\\e-commerce_shop\\client\\src\\redux\\user\\user-selector.js": {"path":"D:\\Web\\Web\\Udemy course\\Complete React developer\\e-commerce_shop\\client\\src\\redux\\user\\user-selector.js","statementMap":{"0":{"start":{"line":3,"column":19},"end":{"line":3,"column":40}},"1":{"start":{"line":3,"column":30},"end":{"line":3,"column":40}},"2":{"start":{"line":5,"column":33},"end":{"line":8,"column":1}},"3":{"start":{"line":7,"column":14},"end":{"line":7,"column":30}}},"fnMap":{"0":{"name":"(anonymous_0)","decl":{"start":{"line":3,"column":19},"end":{"line":3,"column":20}},"loc":{"start":{"line":3,"column":30},"end":{"line":3,"column":40}},"line":3},"1":{"name":"(anonymous_1)","decl":{"start":{"line":7,"column":4},"end":{"line":7,"column":5}},"loc":{"start":{"line":7,"column":14},"end":{"line":7,"column":30}},"line":7}},"branchMap":{},"s":{"0":0,"1":0,"2":0,"3":0},"f":{"0":0,"1":0},"b":{},"hash":"40a97f8d5ecc9b40ecf998bbbadd47f7ce3028a7"}
,"D:\\Web\\Web\\Udemy course\\Complete React developer\\e-commerce_shop\\client\\src\\redux\\user\\user.sagas.js": {"path":"D:\\Web\\Web\\Udemy course\\Complete React developer\\e-commerce_shop\\client\\src\\redux\\user\\user.sagas.js","statementMap":{"0":{"start":{"line":21,"column":2},"end":{"line":31,"column":3}},"1":{"start":{"line":22,"column":20},"end":{"line":26,"column":5}},"2":{"start":{"line":27,"column":25},"end":{"line":27,"column":44}},"3":{"start":{"line":28,"column":4},"end":{"line":28,"column":78}},"4":{"start":{"line":30,"column":4},"end":{"line":30,"column":36}},"5":{"start":{"line":35,"column":2},"end":{"line":40,"column":3}},"6":{"start":{"line":36,"column":21},"end":{"line":36,"column":63}},"7":{"start":{"line":37,"column":4},"end":{"line":37,"column":40}},"8":{"start":{"line":39,"column":4},"end":{"line":39,"column":36}},"9":{"start":{"line":43,"column":2},"end":{"line":48,"column":3}},"10":{"start":{"line":44,"column":21},"end":{"line":44,"column":75}},"11":{"start":{"line":45,"column":4},"end":{"line":45,"column":40}},"12":{"start":{"line":47,"column":4},"end":{"line":47,"column":36}},"13":{"start":{"line":51,"column":2},"end":{"line":51,"column":71}},"14":{"start":{"line":55,"column":2},"end":{"line":61,"column":3}},"15":{"start":{"line":56,"column":21},"end":{"line":56,"column":43}},"16":{"start":{"line":57,"column":4},"end":{"line":57,"column":26}},"17":{"start":{"line":57,"column":19},"end":{"line":57,"column":26}},"18":{"start":{"line":58,"column":4},"end":{"line":58,"column":44}},"19":{"start":{"line":60,"column":4},"end":{"line":60,"column":36}},"20":{"start":{"line":64,"column":2},"end":{"line":64,"column":72}},"21":{"start":{"line":67,"column":2},"end":{"line":72,"column":3}},"22":{"start":{"line":68,"column":4},"end":{"line":68,"column":25}},"23":{"start":{"line":69,"column":4},"end":{"line":69,"column":32}},"24":{"start":{"line":71,"column":4},"end":{"line":71,"column":37}},"25":{"start":{"line":76,"column":2},"end":{"line":81,"column":3}},"26":{"start":{"line":77,"column":21},"end":{"line":77,"column":79}},"27":{"start":{"line":78,"column":4},"end":{"line":78,"column":72}},"28":{"start":{"line":80,"column":4},"end":{"line":80,"column":36}},"29":{"start":{"line":84,"column":2},"end":{"line":84,"column":69}},"30":{"start":{"line":87,"column":2},"end":{"line":87,"column":56}},"31":{"start":{"line":90,"column":2},"end":{"line":90,"column":54}},"32":{"start":{"line":94,"column":2},"end":{"line":94,"column":54}},"33":{"start":{"line":97,"column":2},"end":{"line":97,"column":67}},"34":{"start":{"line":100,"column":2},"end":{"line":107,"column":5}}},"fnMap":{"0":{"name":"getSnapshotFromUserAuth","decl":{"start":{"line":20,"column":17},"end":{"line":20,"column":40}},"loc":{"start":{"line":20,"column":67},"end":{"line":32,"column":1}},"line":20},"1":{"name":"signInWithGoogle","decl":{"start":{"line":34,"column":17},"end":{"line":34,"column":33}},"loc":{"start":{"line":34,"column":36},"end":{"line":41,"column":1}},"line":34},"2":{"name":"signInWithEmail","decl":{"start":{"line":42,"column":17},"end":{"line":42,"column":32}},"loc":{"start":{"line":42,"column":67},"end":{"line":49,"column":1}},"line":42},"3":{"name":"onGoogleSigninStart","decl":{"start":{"line":50,"column":17},"end":{"line":50,"column":36}},"loc":{"start":{"line":50,"column":39},"end":{"line":52,"column":1}},"line":50},"4":{"name":"isUserAuthenticated","decl":{"start":{"line":54,"column":17},"end":{"line":54,"column":36}},"loc":{"start":{"line":54,"column":39},"end":{"line":62,"column":1}},"line":54},"5":{"name":"oncheckUserSession","decl":{"start":{"line":63,"column":17},"end":{"line":63,"column":35}},"loc":{"start":{"line":63,"column":38},"end":{"line":65,"column":1}},"line":63},"6":{"name":"signOut","decl":{"start":{"line":66,"column":17},"end":{"line":66,"column":24}},"loc":{"start":{"line":66,"column":27},"end":{"line":73,"column":1}},"line":66},"7":{"name":"signUp","decl":{"start":{"line":75,"column":17},"end":{"line":75,"column":23}},"loc":{"start":{"line":75,"column":71},"end":{"line":82,"column":1}},"line":75},"8":{"name":"onEmailSigninStart","decl":{"start":{"line":83,"column":17},"end":{"line":83,"column":35}},"loc":{"start":{"line":83,"column":38},"end":{"line":85,"column":1}},"line":83},"9":{"name":"onSignOutStart","decl":{"start":{"line":86,"column":17},"end":{"line":86,"column":31}},"loc":{"start":{"line":86,"column":34},"end":{"line":88,"column":1}},"line":86},"10":{"name":"onSignUpStart","decl":{"start":{"line":89,"column":17},"end":{"line":89,"column":30}},"loc":{"start":{"line":89,"column":33},"end":{"line":91,"column":1}},"line":89},"11":{"name":"signInAfterSignUp","decl":{"start":{"line":93,"column":17},"end":{"line":93,"column":34}},"loc":{"start":{"line":93,"column":74},"end":{"line":95,"column":1}},"line":93},"12":{"name":"onSignUpSuccess","decl":{"start":{"line":96,"column":17},"end":{"line":96,"column":32}},"loc":{"start":{"line":96,"column":35},"end":{"line":98,"column":1}},"line":96},"13":{"name":"userSagas","decl":{"start":{"line":99,"column":17},"end":{"line":99,"column":26}},"loc":{"start":{"line":99,"column":29},"end":{"line":108,"column":1}},"line":99}},"branchMap":{"0":{"loc":{"start":{"line":57,"column":4},"end":{"line":57,"column":26}},"type":"if","locations":[{"start":{"line":57,"column":4},"end":{"line":57,"column":26}},{"start":{"line":57,"column":4},"end":{"line":57,"column":26}}],"line":57}},"s":{"0":0,"1":0,"2":0,"3":0,"4":0,"5":0,"6":0,"7":0,"8":0,"9":0,"10":0,"11":0,"12":0,"13":0,"14":0,"15":0,"16":0,"17":0,"18":0,"19":0,"20":0,"21":0,"22":0,"23":0,"24":0,"25":0,"26":0,"27":0,"28":0,"29":0,"30":0,"31":0,"32":0,"33":0,"34":0},"f":{"0":0,"1":0,"2":0,"3":0,"4":0,"5":0,"6":0,"7":0,"8":0,"9":0,"10":0,"11":0,"12":0,"13":0},"b":{"0":[0,0]},"hash":"b0fb0f238e981352b69b832fdc99cb9f9fc14132"}
}
