TN:
SF:D:\Web\Web\Udemy course\Complete React developer\e-commerce_shop\client\src\App.js
FN:15,(anonymous_0)
FN:16,(anonymous_1)
FN:17,(anonymous_2)
FN:20,(anonymous_3)
FN:22,(anonymous_4)
FN:23,(anonymous_5)
FN:41,(anonymous_6)
FN:55,(anonymous_7)
FN:56,(anonymous_8)
FNF:9
FNH:0
FNDA:0,(anonymous_0)
FNDA:0,(anonymous_1)
FNDA:0,(anonymous_2)
FNDA:0,(anonymous_3)
FNDA:0,(anonymous_4)
FNDA:0,(anonymous_5)
FNDA:0,(anonymous_6)
FNDA:0,(anonymous_7)
FNDA:0,(anonymous_8)
DA:15,0
DA:16,0
DA:17,0
DA:18,0
DA:20,0
DA:22,0
DA:23,0
DA:24,0
DA:27,0
DA:42,0
DA:52,0
DA:55,0
DA:56,0
LF:13
LH:0
BRDA:42,0,0,0
BRDA:42,0,1,0
BRF:2
BRH:0
end_of_record
TN:
SF:D:\Web\Web\Udemy course\Complete React developer\e-commerce_shop\client\src\index.js
FNF:0
FNH:0
DA:12,0
DA:23,0
LF:2
LH:0
BRF:0
BRH:0
end_of_record
TN:
SF:D:\Web\Web\Udemy course\Complete React developer\e-commerce_shop\client\src\serviceWorker.js
FN:23,register
FN:34,(anonymous_1)
FN:43,(anonymous_2)
FN:57,registerValidSW
FN:60,(anonymous_4)
FN:61,(anonymous_5)
FN:66,(anonymous_6)
FN:96,(anonymous_7)
FN:101,checkValidServiceWorker
FN:106,(anonymous_9)
FN:114,(anonymous_10)
FN:115,(anonymous_11)
FN:124,(anonymous_12)
FN:131,unregister
FN:134,(anonymous_14)
FN:137,(anonymous_15)
FNF:16
FNH:0
FNDA:0,register
FNDA:0,(anonymous_1)
FNDA:0,(anonymous_2)
FNDA:0,registerValidSW
FNDA:0,(anonymous_4)
FNDA:0,(anonymous_5)
FNDA:0,(anonymous_6)
FNDA:0,(anonymous_7)
FNDA:0,checkValidServiceWorker
FNDA:0,(anonymous_9)
FNDA:0,(anonymous_10)
FNDA:0,(anonymous_11)
FNDA:0,(anonymous_12)
FNDA:0,unregister
FNDA:0,(anonymous_14)
FNDA:0,(anonymous_15)
DA:13,0
DA:24,0
DA:26,0
DA:27,0
DA:31,0
DA:34,0
DA:35,0
DA:37,0
DA:39,0
DA:43,0
DA:44,0
DA:51,0
DA:58,0
DA:61,0
DA:62,0
DA:63,0
DA:64,0
DA:66,0
DA:67,0
DA:68,0
DA:72,0
DA:78,0
DA:79,0
DA:85,0
DA:88,0
DA:89,0
DA:97,0
DA:103,0
DA:108,0
DA:109,0
DA:114,0
DA:115,0
DA:116,0
DA:121,0
DA:125,0
DA:132,0
DA:133,0
DA:135,0
DA:138,0
LF:39
LH:0
BRDA:14,0,0,0
BRDA:14,0,1,0
BRDA:14,0,2,0
BRDA:24,1,0,0
BRDA:24,1,1,0
BRDA:24,2,0,0
BRDA:24,2,1,0
BRDA:27,3,0,0
BRDA:27,3,1,0
BRDA:37,4,0,0
BRDA:37,4,1,0
BRDA:63,5,0,0
BRDA:63,5,1,0
BRDA:67,6,0,0
BRDA:67,6,1,0
BRDA:68,7,0,0
BRDA:68,7,1,0
BRDA:78,8,0,0
BRDA:78,8,1,0
BRDA:78,9,0,0
BRDA:78,9,1,0
BRDA:88,10,0,0
BRDA:88,10,1,0
BRDA:88,11,0,0
BRDA:88,11,1,0
BRDA:109,12,0,0
BRDA:109,12,1,0
BRDA:110,13,0,0
BRDA:110,13,1,0
BRDA:110,13,2,0
BRDA:132,14,0,0
BRDA:132,14,1,0
BRF:32
BRH:0
end_of_record
TN:
SF:D:\Web\Web\Udemy course\Complete React developer\e-commerce_shop\client\src\styles.global.js
FNF:0
FNH:0
DA:3,0
LF:1
LH:0
BRF:0
BRH:0
end_of_record
TN:
SF:D:\Web\Web\Udemy course\Complete React developer\e-commerce_shop\client\src\components\button\button.jsx
FN:5,(anonymous_0)
FNF:1
FNH:1
FNDA:1,(anonymous_0)
DA:5,2
DA:6,1
LF:2
LH:2
BRF:0
BRH:0
end_of_record
TN:
SF:D:\Web\Web\Udemy course\Complete React developer\e-commerce_shop\client\src\components\button\button.styles.js
FN:37,(anonymous_0)
FNF:1
FNH:0
FNDA:0,(anonymous_0)
DA:3,2
DA:15,2
DA:27,2
DA:37,2
DA:38,0
DA:39,0
DA:42,0
DA:45,2
LF:8
LH:5
BRDA:38,0,0,0
BRDA:38,0,1,0
BRDA:42,1,0,0
BRDA:42,1,1,0
BRF:4
BRH:0
end_of_record
TN:
SF:D:\Web\Web\Udemy course\Complete React developer\e-commerce_shop\client\src\components\cart-icon\cart-icon.jsx
FN:17,(anonymous_0)
FN:28,(anonymous_1)
FN:29,(anonymous_2)
FNF:3
FNH:0
FNDA:0,(anonymous_0)
FNDA:0,(anonymous_1)
FNDA:0,(anonymous_2)
DA:17,0
DA:18,0
DA:24,0
DA:28,0
DA:29,0
LF:5
LH:0
BRF:0
BRH:0
end_of_record
TN:
SF:D:\Web\Web\Udemy course\Complete React developer\e-commerce_shop\client\src\components\cart-icon\cart-icon.styles.jsx
FNF:0
FNH:0
DA:5,0
DA:15,0
DA:20,0
LF:3
LH:0
BRF:0
BRH:0
end_of_record
TN:
SF:D:\Web\Web\Udemy course\Complete React developer\e-commerce_shop\client\src\components\cart-item\cart-item.jsx
FN:9,(anonymous_0)
FNF:1
FNH:0
FNDA:0,(anonymous_0)
DA:9,1
DA:10,0
LF:2
LH:1
BRF:0
BRH:0
end_of_record
TN:
SF:D:\Web\Web\Udemy course\Complete React developer\e-commerce_shop\client\src\components\cart-item\cart-item.styles.js
FNF:0
FNH:0
DA:3,1
DA:10,1
DA:14,1
LF:3
LH:3
BRF:0
BRH:0
end_of_record
TN:
SF:D:\Web\Web\Udemy course\Complete React developer\e-commerce_shop\client\src\components\cart_dropdown\cart_dropdown.jsx
FN:17,(anonymous_0)
FN:21,(anonymous_1)
FN:29,(anonymous_2)
FNF:3
FNH:0
FNDA:0,(anonymous_0)
FNDA:0,(anonymous_1)
FNDA:0,(anonymous_2)
DA:17,1
DA:18,0
DA:22,0
DA:30,0
DA:31,0
DA:39,1
LF:6
LH:2
BRDA:20,0,0,0
BRDA:20,0,1,0
BRF:2
BRH:0
end_of_record
TN:
SF:D:\Web\Web\Udemy course\Complete React developer\e-commerce_shop\client\src\components\cart_dropdown\cart_dropdown.styles.js
FNF:0
FNH:0
DA:4,1
DA:18,1
DA:23,1
DA:27,1
LF:4
LH:4
BRF:0
BRH:0
end_of_record
TN:
SF:D:\Web\Web\Udemy course\Complete React developer\e-commerce_shop\client\src\components\checkoutItem\checkoutItem.jsx
FN:18,(anonymous_0)
FN:32,(anonymous_1)
FN:34,(anonymous_2)
FN:37,(anonymous_3)
FN:43,(anonymous_4)
FN:44,(anonymous_5)
FN:45,(anonymous_6)
FN:46,(anonymous_7)
FNF:8
FNH:0
FNDA:0,(anonymous_0)
FNDA:0,(anonymous_1)
FNDA:0,(anonymous_2)
FNDA:0,(anonymous_3)
FNDA:0,(anonymous_4)
FNDA:0,(anonymous_5)
FNDA:0,(anonymous_6)
FNDA:0,(anonymous_7)
DA:18,0
DA:24,0
DA:25,0
DA:32,0
DA:34,0
DA:37,0
DA:43,0
DA:44,0
DA:45,0
DA:46,0
LF:10
LH:0
BRF:0
BRH:0
end_of_record
TN:
SF:D:\Web\Web\Udemy course\Complete React developer\e-commerce_shop\client\src\components\checkoutItem\checkoutitem.styles.js
FNF:0
FNH:0
DA:3,0
DA:16,0
DA:25,0
DA:32,0
DA:42,0
LF:5
LH:0
BRF:0
BRH:0
end_of_record
TN:
SF:D:\Web\Web\Udemy course\Complete React developer\e-commerce_shop\client\src\components\collection-item\collection-item.jsx
FN:15,(anonymous_0)
FN:25,(anonymous_1)
FN:32,(anonymous_2)
FN:33,(anonymous_3)
FNF:4
FNH:0
FNDA:0,(anonymous_0)
FNDA:0,(anonymous_1)
FNDA:0,(anonymous_2)
FNDA:0,(anonymous_3)
DA:15,0
DA:16,0
DA:18,0
DA:25,0
DA:32,0
DA:33,0
LF:6
LH:0
BRF:0
BRH:0
end_of_record
TN:
SF:D:\Web\Web\Udemy course\Complete React developer\e-commerce_shop\client\src\components\collection-item\collection-item.styles.js
FN:55,(anonymous_0)
FNF:1
FNH:0
FNDA:0,(anonymous_0)
DA:4,0
DA:33,0
DA:47,0
DA:49,0
DA:55,0
DA:58,0
DA:60,0
DA:68,0
DA:70,0
DA:75,0
DA:77,0
DA:82,0
LF:12
LH:0
BRF:0
BRH:0
end_of_record
TN:
SF:D:\Web\Web\Udemy course\Complete React developer\e-commerce_shop\client\src\components\collection-overview\collection-overview.container.js
FNF:0
FNH:0
DA:9,0
DA:13,0
LF:2
LH:0
BRF:0
BRH:0
end_of_record
TN:
SF:D:\Web\Web\Udemy course\Complete React developer\e-commerce_shop\client\src\components\collection-overview\collection-overview.jsx
FN:9,(anonymous_0)
FN:11,(anonymous_1)
FNF:2
FNH:0
FNDA:0,(anonymous_0)
FNDA:0,(anonymous_1)
DA:9,0
DA:10,0
DA:12,0
DA:17,0
LF:4
LH:0
BRF:0
BRH:0
end_of_record
TN:
SF:D:\Web\Web\Udemy course\Complete React developer\e-commerce_shop\client\src\components\collection-overview\collection-overview.styles.js
FNF:0
FNH:0
DA:3,0
LF:1
LH:0
BRF:0
BRH:0
end_of_record
TN:
SF:D:\Web\Web\Udemy course\Complete React developer\e-commerce_shop\client\src\components\collection-preview\collection-preview.jsx
FN:11,(anonymous_0)
FN:16,(anonymous_1)
FN:17,(anonymous_2)
FNF:3
FNH:0
FNDA:0,(anonymous_0)
FNDA:0,(anonymous_1)
FNDA:0,(anonymous_2)
DA:11,0
DA:12,0
DA:16,0
DA:18,0
LF:4
LH:0
BRF:0
BRH:0
end_of_record
TN:
SF:D:\Web\Web\Udemy course\Complete React developer\e-commerce_shop\client\src\components\collection-preview\collection-preview.styles.js
FNF:0
FNH:0
DA:3,0
DA:12,0
DA:21,0
LF:3
LH:0
BRF:0
BRH:0
end_of_record
TN:
SF:D:\Web\Web\Udemy course\Complete React developer\e-commerce_shop\client\src\components\directory\directory.jsx
FN:10,(anonymous_0)
FN:12,(anonymous_1)
FNF:2
FNH:0
FNDA:0,(anonymous_0)
FNDA:0,(anonymous_1)
DA:10,0
DA:11,0
DA:13,0
DA:18,0
LF:4
LH:0
BRF:0
BRH:0
end_of_record
TN:
SF:D:\Web\Web\Udemy course\Complete React developer\e-commerce_shop\client\src\components\directory\directory.styles.js
FNF:0
FNH:0
DA:3,0
LF:1
LH:0
BRF:0
BRH:0
end_of_record
TN:
SF:D:\Web\Web\Udemy course\Complete React developer\e-commerce_shop\client\src\components\error_boundary\error_boundary.jsx
FN:9,(anonymous_0)
FN:17,(anonymous_1)
FN:21,(anonymous_2)
FN:25,(anonymous_3)
FNF:4
FNH:0
FNDA:0,(anonymous_0)
FNDA:0,(anonymous_1)
FNDA:0,(anonymous_2)
FNDA:0,(anonymous_3)
DA:10,0
DA:12,0
DA:18,0
DA:22,0
DA:26,0
DA:27,0
DA:37,0
LF:7
LH:0
BRDA:26,0,0,0
BRDA:26,0,1,0
BRF:2
BRH:0
end_of_record
TN:
SF:D:\Web\Web\Udemy course\Complete React developer\e-commerce_shop\client\src\components\error_boundary\error_boundary.styles.js
FN:14,(anonymous_0)
FNF:1
FNH:0
FNDA:0,(anonymous_0)
DA:3,0
DA:12,0
DA:14,0
DA:21,0
LF:4
LH:0
BRF:0
BRH:0
end_of_record
TN:
SF:D:\Web\Web\Udemy course\Complete React developer\e-commerce_shop\client\src\components\inputform\inputform.jsx
FN:9,(anonymous_0)
FNF:1
FNH:0
FNDA:0,(anonymous_0)
DA:9,0
DA:10,0
LF:2
LH:0
BRDA:12,0,0,0
BRDA:12,0,1,0
BRDA:13,1,0,0
BRDA:13,1,1,0
BRF:4
BRH:0
end_of_record
TN:
SF:D:\Web\Web\Udemy course\Complete React developer\e-commerce_shop\client\src\components\inputform\inputform.styles.js
FNF:0
FNH:0
DA:3,0
DA:4,0
DA:6,0
DA:12,0
DA:20,0
DA:40,0
LF:6
LH:0
BRF:0
BRH:0
end_of_record
TN:
SF:D:\Web\Web\Udemy course\Complete React developer\e-commerce_shop\client\src\components\loading_spinner\loading_spinner.jsx
FN:5,(anonymous_0)
FNF:1
FNH:0
FNDA:0,(anonymous_0)
DA:5,0
DA:6,0
LF:2
LH:0
BRF:0
BRH:0
end_of_record
TN:
SF:D:\Web\Web\Udemy course\Complete React developer\e-commerce_shop\client\src\components\loading_spinner\loading_spinner.styles.js
FNF:0
FNH:0
DA:3,0
DA:11,0
LF:2
LH:0
BRF:0
BRH:0
end_of_record
TN:
SF:D:\Web\Web\Udemy course\Complete React developer\e-commerce_shop\client\src\components\menu-item\menu-item.jsx
FN:12,(anonymous_0)
FN:15,(anonymous_1)
FNF:2
FNH:0
FNDA:0,(anonymous_0)
FNDA:0,(anonymous_1)
DA:12,0
DA:13,0
DA:15,0
LF:3
LH:0
BRF:0
BRH:0
end_of_record
TN:
SF:D:\Web\Web\Udemy course\Complete React developer\e-commerce_shop\client\src\components\menu-item\menu-item.styles.js
FN:4,(anonymous_0)
FN:42,(anonymous_1)
FNF:2
FNH:0
FNDA:0,(anonymous_0)
FNDA:0,(anonymous_1)
DA:3,0
DA:4,0
DA:35,0
DA:37,0
DA:42,0
DA:45,0
DA:47,0
DA:60,0
DA:67,0
LF:9
LH:0
BRDA:4,0,0,0
BRDA:4,0,1,0
BRF:2
BRH:0
end_of_record
TN:
SF:D:\Web\Web\Udemy course\Complete React developer\e-commerce_shop\client\src\components\navbar\navbar.jsx
FN:19,(anonymous_0)
FN:46,(anonymous_1)
FN:47,(anonymous_2)
FNF:3
FNH:0
FNDA:0,(anonymous_0)
FNDA:0,(anonymous_1)
FNDA:0,(anonymous_2)
DA:19,0
DA:20,0
DA:42,0
DA:46,0
DA:47,0
LF:5
LH:0
BRDA:27,0,0,0
BRDA:27,0,1,0
BRDA:38,1,0,0
BRDA:38,1,1,0
BRF:4
BRH:0
end_of_record
TN:
SF:D:\Web\Web\Udemy course\Complete React developer\e-commerce_shop\client\src\components\navbar\navbar.styles.js
FNF:0
FNH:0
DA:4,0
DA:17,0
DA:27,0
DA:38,0
LF:4
LH:0
BRF:0
BRH:0
end_of_record
TN:
SF:D:\Web\Web\Udemy course\Complete React developer\e-commerce_shop\client\src\components\signin\signin.jsx
FN:17,(anonymous_0)
FN:24,(anonymous_1)
FN:29,(anonymous_2)
FN:74,(anonymous_3)
FN:75,(anonymous_4)
FN:76,(anonymous_5)
FNF:6
FNH:0
FNDA:0,(anonymous_0)
FNDA:0,(anonymous_1)
FNDA:0,(anonymous_2)
FNDA:0,(anonymous_3)
FNDA:0,(anonymous_4)
FNDA:0,(anonymous_5)
DA:17,0
DA:18,0
DA:22,0
DA:24,0
DA:25,0
DA:26,0
DA:29,0
DA:30,0
DA:31,0
DA:37,0
DA:74,0
DA:75,0
DA:77,0
LF:13
LH:0
BRF:0
BRH:0
end_of_record
TN:
SF:D:\Web\Web\Udemy course\Complete React developer\e-commerce_shop\client\src\components\signin\signin.styles.js
FNF:0
FNH:0
DA:3,0
DA:8,0
DA:11,0
LF:3
LH:0
BRF:0
BRH:0
end_of_record
TN:
SF:D:\Web\Web\Udemy course\Complete React developer\e-commerce_shop\client\src\components\signup\signup.jsx
FN:9,(anonymous_0)
FN:18,(anonymous_1)
FN:28,(anonymous_2)
FN:78,(anonymous_3)
FN:79,(anonymous_4)
FNF:5
FNH:0
FNDA:0,(anonymous_0)
FNDA:0,(anonymous_1)
FNDA:0,(anonymous_2)
FNDA:0,(anonymous_3)
FNDA:0,(anonymous_4)
DA:9,0
DA:10,0
DA:16,0
DA:18,0
DA:19,0
DA:21,0
DA:22,0
DA:23,0
DA:25,0
DA:28,0
DA:29,0
DA:30,0
DA:36,0
DA:78,0
DA:79,0
LF:15
LH:0
BRDA:21,0,0,0
BRDA:21,0,1,0
BRF:2
BRH:0
end_of_record
TN:
SF:D:\Web\Web\Udemy course\Complete React developer\e-commerce_shop\client\src\components\signup\signup.styles.js
FNF:0
FNH:0
DA:3,0
DA:8,0
LF:2
LH:0
BRF:0
BRH:0
end_of_record
TN:
SF:D:\Web\Web\Udemy course\Complete React developer\e-commerce_shop\client\src\components\stripe-button\stripe-button.jsx
FN:5,(anonymous_0)
FN:10,(anonymous_1)
FN:18,(anonymous_2)
FN:20,(anonymous_3)
FNF:4
FNH:0
FNDA:0,(anonymous_0)
FNDA:0,(anonymous_1)
FNDA:0,(anonymous_2)
FNDA:0,(anonymous_3)
DA:5,0
DA:7,0
DA:8,0
DA:10,0
DA:11,0
DA:19,0
DA:21,0
DA:22,0
DA:27,0
LF:9
LH:0
BRF:0
BRH:0
end_of_record
TN:
SF:D:\Web\Web\Udemy course\Complete React developer\e-commerce_shop\client\src\components\toTopButton\toTopButton.jsx
FN:4,(anonymous_0)
FNF:1
FNH:0
FNDA:0,(anonymous_0)
DA:4,0
DA:5,0
LF:2
LH:0
BRF:0
BRH:0
end_of_record
TN:
SF:D:\Web\Web\Udemy course\Complete React developer\e-commerce_shop\client\src\components\with_loading_spinner\with_loading_spinner.jsx
FN:5,(anonymous_0)
FN:6,(anonymous_1)
FNF:2
FNH:0
FNDA:0,(anonymous_0)
FNDA:0,(anonymous_1)
DA:5,0
DA:6,0
DA:7,0
DA:15,0
LF:4
LH:0
BRDA:7,0,0,0
BRDA:7,0,1,0
BRF:2
BRH:0
end_of_record
TN:
SF:D:\Web\Web\Udemy course\Complete React developer\e-commerce_shop\client\src\firebase\firebase.utils.js
FN:18,(anonymous_0)
FN:43,(anonymous_1)
FN:56,(anonymous_2)
FN:63,(anonymous_3)
FN:71,(anonymous_4)
FN:72,(anonymous_5)
FN:83,(anonymous_6)
FN:89,(anonymous_7)
FN:90,(anonymous_8)
FN:91,(anonymous_9)
FN:103,(anonymous_10)
FNF:11
FNH:0
FNDA:0,(anonymous_0)
FNDA:0,(anonymous_1)
FNDA:0,(anonymous_2)
FNDA:0,(anonymous_3)
FNDA:0,(anonymous_4)
FNDA:0,(anonymous_5)
FNDA:0,(anonymous_6)
FNDA:0,(anonymous_7)
FNDA:0,(anonymous_8)
FNDA:0,(anonymous_9)
FNDA:0,(anonymous_10)
DA:5,0
DA:16,0
DA:18,0
DA:19,0
DA:21,0
DA:23,0
DA:25,0
DA:26,0
DA:27,0
DA:28,0
DA:29,0
DA:36,0
DA:40,0
DA:43,0
DA:44,0
DA:45,0
DA:47,0
DA:48,0
DA:49,0
DA:50,0
DA:52,0
DA:56,0
DA:60,0
DA:62,0
DA:63,0
DA:64,0
DA:65,0
DA:68,0
DA:71,0
DA:72,0
DA:73,0
DA:75,0
DA:83,0
DA:84,0
DA:85,0
DA:89,0
DA:90,0
DA:91,0
DA:92,0
DA:93,0
DA:98,0
DA:99,0
DA:101,0
DA:102,0
DA:103,0
LF:45
LH:0
BRDA:19,0,0,0
BRDA:19,0,1,0
BRDA:25,1,0,0
BRDA:25,1,1,0
BRDA:47,2,0,0
BRDA:47,2,1,0
BRF:6
BRH:0
end_of_record
TN:
SF:D:\Web\Web\Udemy course\Complete React developer\e-commerce_shop\client\src\pages\category\CollectionPage.jsx
FN:14,(anonymous_0)
FN:20,(anonymous_1)
FN:28,(anonymous_2)
FNF:3
FNH:0
FNDA:0,(anonymous_0)
FNDA:0,(anonymous_1)
FNDA:0,(anonymous_2)
DA:14,0
DA:15,0
DA:16,0
DA:21,0
DA:28,0
LF:5
LH:0
BRF:0
BRH:0
end_of_record
TN:
SF:D:\Web\Web\Udemy course\Complete React developer\e-commerce_shop\client\src\pages\category\CollectionPage.styles.js
FNF:0
FNH:0
DA:3,0
DA:9,0
DA:14,0
LF:3
LH:0
BRF:0
BRH:0
end_of_record
TN:
SF:D:\Web\Web\Udemy course\Complete React developer\e-commerce_shop\client\src\pages\category\category.container.js
FN:10,(anonymous_0)
FNF:1
FNH:0
FNDA:0,(anonymous_0)
DA:9,0
DA:10,0
DA:13,0
LF:3
LH:0
BRF:0
BRH:0
end_of_record
TN:
SF:D:\Web\Web\Udemy course\Complete React developer\e-commerce_shop\client\src\pages\checkoutPage\checkoutPage.jsx
FN:20,(anonymous_0)
FN:39,(anonymous_1)
FNF:2
FNH:0
FNDA:0,(anonymous_0)
FNDA:0,(anonymous_1)
DA:20,0
DA:21,0
DA:40,0
DA:51,0
LF:4
LH:0
BRF:0
BRH:0
end_of_record
TN:
SF:D:\Web\Web\Udemy course\Complete React developer\e-commerce_shop\client\src\pages\checkoutPage\checkoutPage.styles.js
FNF:0
FNH:0
DA:3,0
DA:19,0
DA:27,0
DA:41,0
DA:47,0
LF:5
LH:0
BRF:0
BRH:0
end_of_record
TN:
SF:D:\Web\Web\Udemy course\Complete React developer\e-commerce_shop\client\src\pages\homepage\homepage.jsx
FN:6,(anonymous_0)
FNF:1
FNH:0
FNDA:0,(anonymous_0)
DA:6,0
DA:7,0
LF:2
LH:0
BRF:0
BRH:0
end_of_record
TN:
SF:D:\Web\Web\Udemy course\Complete React developer\e-commerce_shop\client\src\pages\homepage\homepage.styles.js
FNF:0
FNH:0
DA:3,0
LF:1
LH:0
BRF:0
BRH:0
end_of_record
TN:
SF:D:\Web\Web\Udemy course\Complete React developer\e-commerce_shop\client\src\pages\shop\shop.jsx
FN:9,(anonymous_0)
FN:12,(anonymous_1)
FN:16,(anonymous_2)
FN:17,(anonymous_3)
FN:37,(anonymous_4)
FN:38,(anonymous_5)
FNF:6
FNH:0
FNDA:0,(anonymous_0)
FNDA:0,(anonymous_1)
FNDA:0,(anonymous_2)
FNDA:0,(anonymous_3)
FNDA:0,(anonymous_4)
FNDA:0,(anonymous_5)
DA:9,0
DA:10,0
DA:12,0
DA:13,0
DA:16,0
DA:17,0
DA:18,0
DA:20,0
DA:37,0
DA:38,0
LF:10
LH:0
BRF:0
BRH:0
end_of_record
TN:
SF:D:\Web\Web\Udemy course\Complete React developer\e-commerce_shop\client\src\pages\signinRegisterPage\signInRegisterPage.jsx
FN:8,(anonymous_0)
FNF:1
FNH:0
FNDA:0,(anonymous_0)
DA:8,0
DA:9,0
LF:2
LH:0
BRF:0
BRH:0
end_of_record
TN:
SF:D:\Web\Web\Udemy course\Complete React developer\e-commerce_shop\client\src\pages\signinRegisterPage\signInRegisterPage.styles.js
FNF:0
FNH:0
DA:3,0
LF:1
LH:0
BRF:0
BRH:0
end_of_record
TN:
SF:D:\Web\Web\Udemy course\Complete React developer\e-commerce_shop\client\src\redux\reducer.js
FNF:0
FNH:0
DA:10,0
DA:17,0
LF:2
LH:0
BRF:0
BRH:0
end_of_record
TN:
SF:D:\Web\Web\Udemy course\Complete React developer\e-commerce_shop\client\src\redux\root-sagas.js
FN:7,rootSaga
FNF:1
FNH:0
FNDA:0,rootSaga
DA:8,0
LF:1
LH:0
BRF:0
BRH:0
end_of_record
TN:
SF:D:\Web\Web\Udemy course\Complete React developer\e-commerce_shop\client\src\redux\store.js
FNF:0
FNH:0
DA:9,0
DA:11,0
DA:13,0
DA:14,0
DA:17,0
DA:19,0
DA:21,0
LF:7
LH:0
BRDA:13,0,0,0
BRDA:13,0,1,0
BRF:2
BRH:0
end_of_record
TN:
SF:D:\Web\Web\Udemy course\Complete React developer\e-commerce_shop\client\src\redux\cart\cart-action.js
FN:3,(anonymous_0)
FN:7,(anonymous_1)
FN:12,(anonymous_2)
FN:17,(anonymous_3)
FN:21,(anonymous_4)
FN:24,(anonymous_5)
FN:28,(anonymous_6)
FNF:7
FNH:0
FNDA:0,(anonymous_0)
FNDA:0,(anonymous_1)
FNDA:0,(anonymous_2)
FNDA:0,(anonymous_3)
FNDA:0,(anonymous_4)
FNDA:0,(anonymous_5)
FNDA:0,(anonymous_6)
DA:3,1
DA:7,1
DA:12,1
DA:17,1
DA:21,1
DA:24,1
DA:28,1
LF:7
LH:7
BRF:0
BRH:0
end_of_record
TN:
SF:D:\Web\Web\Udemy course\Complete React developer\e-commerce_shop\client\src\redux\cart\cart-constants.js
FNF:0
FNH:0
DA:1,1
LF:1
LH:1
BRF:0
BRH:0
end_of_record
TN:
SF:D:\Web\Web\Udemy course\Complete React developer\e-commerce_shop\client\src\redux\cart\cart-reducer.js
FN:9,(anonymous_0)
FN:30,(anonymous_1)
FNF:2
FNH:0
FNDA:0,(anonymous_0)
FNDA:0,(anonymous_1)
DA:4,0
DA:9,0
DA:10,0
DA:12,0
DA:17,0
DA:22,0
DA:27,0
DA:30,0
DA:34,0
DA:39,0
DA:44,0
LF:11
LH:0
BRDA:9,0,0,0
BRDA:10,1,0,0
BRDA:10,1,1,0
BRDA:10,1,2,0
BRDA:10,1,3,0
BRDA:10,1,4,0
BRDA:10,1,5,0
BRDA:10,1,6,0
BRF:8
BRH:0
end_of_record
TN:
SF:D:\Web\Web\Udemy course\Complete React developer\e-commerce_shop\client\src\redux\cart\cart-selector.js
FN:3,(anonymous_0)
FN:7,(anonymous_1)
FN:12,(anonymous_2)
FN:16,(anonymous_3)
FN:18,(anonymous_4)
FN:24,(anonymous_5)
FN:26,(anonymous_6)
FNF:7
FNH:0
FNDA:0,(anonymous_0)
FNDA:0,(anonymous_1)
FNDA:0,(anonymous_2)
FNDA:0,(anonymous_3)
FNDA:0,(anonymous_4)
FNDA:0,(anonymous_5)
FNDA:0,(anonymous_6)
DA:3,1
DA:5,1
DA:7,0
DA:10,1
DA:12,0
DA:14,1
DA:17,0
DA:18,0
DA:22,1
DA:25,0
DA:27,0
LF:11
LH:5
BRF:0
BRH:0
end_of_record
TN:
SF:D:\Web\Web\Udemy course\Complete React developer\e-commerce_shop\client\src\redux\cart\cart-utils.js
FN:1,(anonymous_0)
FN:3,(anonymous_1)
FN:6,(anonymous_2)
FN:14,(anonymous_3)
FN:16,(anonymous_4)
FN:20,(anonymous_5)
FN:23,(anonymous_6)
FNF:7
FNH:0
FNDA:0,(anonymous_0)
FNDA:0,(anonymous_1)
FNDA:0,(anonymous_2)
FNDA:0,(anonymous_3)
FNDA:0,(anonymous_4)
FNDA:0,(anonymous_5)
FNDA:0,(anonymous_6)
DA:1,0
DA:2,0
DA:3,0
DA:5,0
DA:6,0
DA:7,0
DA:12,0
DA:14,0
DA:15,0
DA:16,0
DA:18,0
DA:19,0
DA:20,0
DA:23,0
DA:24,0
LF:15
LH:0
BRDA:5,0,0,0
BRDA:5,0,1,0
BRDA:7,1,0,0
BRDA:7,1,1,0
BRDA:18,2,0,0
BRDA:18,2,1,0
BRDA:24,3,0,0
BRDA:24,3,1,0
BRF:8
BRH:0
end_of_record
TN:
SF:D:\Web\Web\Udemy course\Complete React developer\e-commerce_shop\client\src\redux\cart\cart.sagas.js
FN:10,clearCartOnSignOut
FN:14,updateCartInFirebase
FN:27,checkCartFromFirebase
FN:35,onSignOutSuccess
FN:38,onUserSignIn
FN:42,onCartChange
FN:55,cartSagas
FNF:7
FNH:0
FNDA:0,clearCartOnSignOut
FNDA:0,updateCartInFirebase
FNDA:0,checkCartFromFirebase
FNDA:0,onSignOutSuccess
FNDA:0,onUserSignIn
FNDA:0,onCartChange
FNDA:0,cartSagas
DA:11,0
DA:15,0
DA:16,0
DA:17,0
DA:18,0
DA:19,0
DA:20,0
DA:22,0
DA:28,0
DA:29,0
DA:30,0
DA:36,0
DA:39,0
DA:43,0
DA:56,0
LF:15
LH:0
BRDA:16,0,0,0
BRDA:16,0,1,0
BRF:2
BRH:0
end_of_record
TN:
SF:D:\Web\Web\Udemy course\Complete React developer\e-commerce_shop\client\src\redux\directory\directory-reducer.js
FN:38,(anonymous_0)
FNF:1
FNH:0
FNDA:0,(anonymous_0)
DA:1,0
DA:38,0
DA:39,0
DA:41,0
LF:4
LH:0
BRDA:38,0,0,0
BRDA:39,1,0,0
BRF:2
BRH:0
end_of_record
TN:
SF:D:\Web\Web\Udemy course\Complete React developer\e-commerce_shop\client\src\redux\directory\directory-selector.js
FN:3,(anonymous_0)
FN:7,(anonymous_1)
FNF:2
FNH:0
FNDA:0,(anonymous_0)
FNDA:0,(anonymous_1)
DA:3,0
DA:5,0
DA:7,0
LF:3
LH:0
BRF:0
BRH:0
end_of_record
TN:
SF:D:\Web\Web\Udemy course\Complete React developer\e-commerce_shop\client\src\redux\shopPage\shopPage-action.js
FN:8,(anonymous_0)
FN:12,(anonymous_1)
FN:17,(anonymous_2)
FN:22,(anonymous_3)
FN:23,(anonymous_4)
FN:29,(anonymous_5)
FN:33,(anonymous_6)
FNF:7
FNH:0
FNDA:0,(anonymous_0)
FNDA:0,(anonymous_1)
FNDA:0,(anonymous_2)
FNDA:0,(anonymous_3)
FNDA:0,(anonymous_4)
FNDA:0,(anonymous_5)
FNDA:0,(anonymous_6)
DA:8,0
DA:12,0
DA:17,0
DA:22,0
DA:23,0
DA:24,0
DA:25,0
DA:27,0
DA:30,0
DA:31,0
DA:33,0
LF:11
LH:0
BRF:0
BRH:0
end_of_record
TN:
SF:D:\Web\Web\Udemy course\Complete React developer\e-commerce_shop\client\src\redux\shopPage\shopPage-constants.js
FNF:0
FNH:0
DA:1,0
LF:1
LH:0
BRF:0
BRH:0
end_of_record
TN:
SF:D:\Web\Web\Udemy course\Complete React developer\e-commerce_shop\client\src\redux\shopPage\shopPage-reducer.js
FN:9,(anonymous_0)
FNF:1
FNH:0
FNDA:0,(anonymous_0)
DA:3,0
DA:9,0
DA:10,0
DA:12,0
DA:17,0
DA:23,0
DA:29,0
LF:7
LH:0
BRDA:9,0,0,0
BRDA:10,1,0,0
BRDA:10,1,1,0
BRDA:10,1,2,0
BRDA:10,1,3,0
BRF:5
BRH:0
end_of_record
TN:
SF:D:\Web\Web\Udemy course\Complete React developer\e-commerce_shop\client\src\redux\shopPage\shopPage-selector.js
FN:3,(anonymous_0)
FN:7,(anonymous_1)
FN:12,(anonymous_2)
FN:13,(anonymous_3)
FN:16,(anonymous_4)
FN:17,(anonymous_5)
FN:23,(anonymous_6)
FN:28,(anonymous_7)
FNF:8
FNH:0
FNDA:0,(anonymous_0)
FNDA:0,(anonymous_1)
FNDA:0,(anonymous_2)
FNDA:0,(anonymous_3)
FNDA:0,(anonymous_4)
FNDA:0,(anonymous_5)
FNDA:0,(anonymous_6)
FNDA:0,(anonymous_7)
DA:3,0
DA:5,0
DA:7,0
DA:10,0
DA:13,0
DA:16,0
DA:17,0
DA:18,0
DA:21,0
DA:23,0
DA:26,0
DA:28,0
LF:12
LH:0
BRDA:13,0,0,0
BRDA:13,0,1,0
BRDA:18,1,0,0
BRDA:18,1,1,0
BRF:4
BRH:0
end_of_record
TN:
SF:D:\Web\Web\Udemy course\Complete React developer\e-commerce_shop\client\src\redux\shopPage\shopPage.sagas.js
FN:15,fetchCollections
FN:29,onFetchCollectionsStart
FN:33,shopSagas
FNF:3
FNH:0
FNDA:0,fetchCollections
FNDA:0,onFetchCollectionsStart
FNDA:0,shopSagas
DA:16,0
DA:17,0
DA:18,0
DA:19,0
DA:23,0
DA:25,0
DA:30,0
DA:34,0
LF:8
LH:0
BRF:0
BRH:0
end_of_record
TN:
SF:D:\Web\Web\Udemy course\Complete React developer\e-commerce_shop\client\src\redux\user\user-action.js
FN:3,(anonymous_0)
FN:6,(anonymous_1)
FN:11,(anonymous_2)
FN:15,(anonymous_3)
FN:19,(anonymous_4)
FN:22,(anonymous_5)
FN:25,(anonymous_6)
FN:28,(anonymous_7)
FN:32,(anonymous_8)
FN:36,(anonymous_9)
FN:40,(anonymous_10)
FNF:11
FNH:0
FNDA:0,(anonymous_0)
FNDA:0,(anonymous_1)
FNDA:0,(anonymous_2)
FNDA:0,(anonymous_3)
FNDA:0,(anonymous_4)
FNDA:0,(anonymous_5)
FNDA:0,(anonymous_6)
FNDA:0,(anonymous_7)
FNDA:0,(anonymous_8)
FNDA:0,(anonymous_9)
FNDA:0,(anonymous_10)
DA:3,0
DA:6,0
DA:11,0
DA:15,0
DA:19,0
DA:22,0
DA:25,0
DA:28,0
DA:32,0
DA:36,0
DA:40,0
LF:11
LH:0
BRF:0
BRH:0
end_of_record
TN:
SF:D:\Web\Web\Udemy course\Complete React developer\e-commerce_shop\client\src\redux\user\user-constants.js
FNF:0
FNH:0
DA:1,0
LF:1
LH:0
BRF:0
BRH:0
end_of_record
TN:
SF:D:\Web\Web\Udemy course\Complete React developer\e-commerce_shop\client\src\redux\user\user-reducer.js
FN:8,(anonymous_0)
FNF:1
FNH:0
FNDA:0,(anonymous_0)
DA:3,0
DA:8,0
DA:9,0
DA:11,0
DA:17,0
DA:25,0
DA:31,0
LF:7
LH:0
BRDA:8,0,0,0
BRDA:9,1,0,0
BRDA:9,1,1,0
BRDA:9,1,2,0
BRDA:9,1,3,0
BRDA:9,1,4,0
BRDA:9,1,5,0
BRF:7
BRH:0
end_of_record
TN:
SF:D:\Web\Web\Udemy course\Complete React developer\e-commerce_shop\client\src\redux\user\user-selector.js
FN:3,(anonymous_0)
FN:7,(anonymous_1)
FNF:2
FNH:0
FNDA:0,(anonymous_0)
FNDA:0,(anonymous_1)
DA:3,0
DA:5,0
DA:7,0
LF:3
LH:0
BRF:0
BRH:0
end_of_record
TN:
SF:D:\Web\Web\Udemy course\Complete React developer\e-commerce_shop\client\src\redux\user\user.sagas.js
FN:20,getSnapshotFromUserAuth
FN:34,signInWithGoogle
FN:42,signInWithEmail
FN:50,onGoogleSigninStart
FN:54,isUserAuthenticated
FN:63,oncheckUserSession
FN:66,signOut
FN:75,signUp
FN:83,onEmailSigninStart
FN:86,onSignOutStart
FN:89,onSignUpStart
FN:93,signInAfterSignUp
FN:96,onSignUpSuccess
FN:99,userSagas
FNF:14
FNH:0
FNDA:0,getSnapshotFromUserAuth
FNDA:0,signInWithGoogle
FNDA:0,signInWithEmail
FNDA:0,onGoogleSigninStart
FNDA:0,isUserAuthenticated
FNDA:0,oncheckUserSession
FNDA:0,signOut
FNDA:0,signUp
FNDA:0,onEmailSigninStart
FNDA:0,onSignOutStart
FNDA:0,onSignUpStart
FNDA:0,signInAfterSignUp
FNDA:0,onSignUpSuccess
FNDA:0,userSagas
DA:21,0
DA:22,0
DA:27,0
DA:28,0
DA:30,0
DA:35,0
DA:36,0
DA:37,0
DA:39,0
DA:43,0
DA:44,0
DA:45,0
DA:47,0
DA:51,0
DA:55,0
DA:56,0
DA:57,0
DA:58,0
DA:60,0
DA:64,0
DA:67,0
DA:68,0
DA:69,0
DA:71,0
DA:76,0
DA:77,0
DA:78,0
DA:80,0
DA:84,0
DA:87,0
DA:90,0
DA:94,0
DA:97,0
DA:100,0
LF:34
LH:0
BRDA:57,0,0,0
BRDA:57,0,1,0
BRF:2
BRH:0
end_of_record
